2018-01-02 17:04:52.021 [main] INFO  com.neil.survey.SurveyApplication -Starting SurveyApplication on DESKTOP-2QOMAIJ with PID 13492 (D:\G_zcm\git\survey\target\classes started by G_zcm in D:\G_zcm\git\survey)
2018-01-02 17:04:52.049 [main] INFO  com.neil.survey.SurveyApplication -No active profile set, falling back to default profiles: default
2018-01-02 17:04:52.091 [main] INFO  o.s.b.c.e.AnnotationConfigEmbeddedWebApplicationContext -Refreshing org.springframework.boot.context.embedded.AnnotationConfigEmbeddedWebApplicationContext@7d898981: startup date [Tue Jan 02 17:04:52 CST 2018]; root of context hierarchy
2018-01-02 17:04:53.827 [main] INFO  o.s.b.c.e.t.TomcatEmbeddedServletContainer -Tomcat initialized with port(s): 8000 (http)
2018-01-02 17:04:53.840 [main] INFO  o.a.catalina.core.StandardService -Starting service [Tomcat]
2018-01-02 17:04:53.842 [main] INFO  o.a.catalina.core.StandardEngine -Starting Servlet Engine: Apache Tomcat/8.5.20
2018-01-02 17:04:53.956 [localhost-startStop-1] INFO  o.a.c.c.C.[Tomcat].[localhost].[/] -Initializing Spring embedded WebApplicationContext
2018-01-02 17:04:53.956 [localhost-startStop-1] INFO  o.s.web.context.ContextLoader -Root WebApplicationContext: initialization completed in 1865 ms
2018-01-02 17:04:54.105 [localhost-startStop-1] INFO  o.s.b.w.s.ServletRegistrationBean -Mapping servlet: 'webServlet' to [/console/*]
2018-01-02 17:04:54.107 [localhost-startStop-1] INFO  o.s.b.w.s.ServletRegistrationBean -Mapping servlet: 'dispatcherServlet' to [/]
2018-01-02 17:04:54.109 [localhost-startStop-1] INFO  o.s.b.w.s.FilterRegistrationBean -Mapping filter: 'characterEncodingFilter' to: [/*]
2018-01-02 17:04:54.109 [localhost-startStop-1] INFO  o.s.b.w.s.FilterRegistrationBean -Mapping filter: 'hiddenHttpMethodFilter' to: [/*]
2018-01-02 17:04:54.109 [localhost-startStop-1] INFO  o.s.b.w.s.FilterRegistrationBean -Mapping filter: 'httpPutFormContentFilter' to: [/*]
2018-01-02 17:04:54.110 [localhost-startStop-1] INFO  o.s.b.w.s.FilterRegistrationBean -Mapping filter: 'requestContextFilter' to: [/*]
2018-01-02 17:04:54.110 [localhost-startStop-1] INFO  o.s.b.w.s.FilterRegistrationBean -Mapping filter: 'openEntityManagerInViewFilter' to urls: [/*]
2018-01-02 17:04:54.126 [localhost-startStop-1] INFO  com.neil.servlet.H2Listener -正在启动h2数据库...
2018-01-02 17:04:54.248 [localhost-startStop-1] INFO  com.neil.servlet.H2Listener -h2数据库启动成功...
2018-01-02 17:04:58.878 [main] INFO  o.s.o.j.LocalContainerEntityManagerFactoryBean -Building JPA container EntityManagerFactory for persistence unit 'default'
2018-01-02 17:04:58.894 [main] INFO  o.h.jpa.internal.util.LogHelper -HHH000204: Processing PersistenceUnitInfo [
	name: default
	...]
2018-01-02 17:04:59.095 [main] INFO  org.hibernate.Version -HHH000412: Hibernate Core {5.0.12.Final}
2018-01-02 17:04:59.096 [main] INFO  org.hibernate.cfg.Environment -HHH000206: hibernate.properties not found
2018-01-02 17:04:59.097 [main] INFO  org.hibernate.cfg.Environment -HHH000021: Bytecode provider name : javassist
2018-01-02 17:04:59.176 [main] INFO  o.h.annotations.common.Version -HCANN000001: Hibernate Commons Annotations {5.0.1.Final}
2018-01-02 17:04:59.327 [main] INFO  org.hibernate.dialect.Dialect -HHH000400: Using dialect: org.hibernate.dialect.H2Dialect
2018-01-02 17:04:59.584 [main] WARN  org.hibernate.id.UUIDHexGenerator -HHH000409: Using org.hibernate.id.UUIDHexGenerator which does not generate IETF RFC 4122 compliant UUID values; consider using org.hibernate.id.UUIDGenerator instead
2018-01-02 17:04:59.619 [main] WARN  org.hibernate.mapping.RootClass -HHH000038: Composite-id class does not override equals(): com.neil.survey.module.BrandImage
2018-01-02 17:04:59.619 [main] WARN  org.hibernate.mapping.RootClass -HHH000039: Composite-id class does not override hashCode(): com.neil.survey.module.BrandImage
2018-01-02 17:04:59.620 [main] WARN  org.hibernate.mapping.RootClass -HHH000038: Composite-id class does not override equals(): com.neil.survey.module.AnswerBrand
2018-01-02 17:04:59.620 [main] WARN  org.hibernate.mapping.RootClass -HHH000039: Composite-id class does not override hashCode(): com.neil.survey.module.AnswerBrand
2018-01-02 17:04:59.620 [main] WARN  org.hibernate.mapping.RootClass -HHH000038: Composite-id class does not override equals(): com.neil.survey.module.SurveyImage
2018-01-02 17:04:59.620 [main] WARN  org.hibernate.mapping.RootClass -HHH000039: Composite-id class does not override hashCode(): com.neil.survey.module.SurveyImage
2018-01-02 17:04:59.620 [main] WARN  org.hibernate.mapping.RootClass -HHH000038: Composite-id class does not override equals(): com.neil.survey.module.AnswerImage
2018-01-02 17:04:59.620 [main] WARN  org.hibernate.mapping.RootClass -HHH000039: Composite-id class does not override hashCode(): com.neil.survey.module.AnswerImage
2018-01-02 17:04:59.621 [main] WARN  org.hibernate.mapping.RootClass -HHH000038: Composite-id class does not override equals(): com.neil.survey.module.SurveyBrand
2018-01-02 17:04:59.621 [main] WARN  org.hibernate.mapping.RootClass -HHH000039: Composite-id class does not override hashCode(): com.neil.survey.module.SurveyBrand
2018-01-02 17:05:00.026 [main] INFO  o.h.tool.hbm2ddl.SchemaUpdate -HHH000228: Running hbm2ddl schema update
2018-01-02 17:05:00.150 [main] INFO  o.s.o.j.LocalContainerEntityManagerFactoryBean -Initialized JPA EntityManagerFactory for persistence unit 'default'
2018-01-02 17:05:01.210 [main] INFO  o.s.w.s.m.m.a.RequestMappingHandlerAdapter -Looking for @ControllerAdvice: org.springframework.boot.context.embedded.AnnotationConfigEmbeddedWebApplicationContext@7d898981: startup date [Tue Jan 02 17:04:52 CST 2018]; root of context hierarchy
2018-01-02 17:05:01.341 [main] INFO  o.s.w.s.m.m.a.RequestMappingHandlerMapping -Mapped "{[/api/answerService/updateAnswer],methods=[POST]}" onto public com.neil.survey.util.RestResponseEntity<java.lang.Void> com.neil.survey.controller.AnswerController.updateAnswer(com.neil.survey.module.Answer)
2018-01-02 17:05:01.342 [main] INFO  o.s.w.s.m.m.a.RequestMappingHandlerMapping -Mapped "{[/api/answerService/deleteAnswer],methods=[DELETE]}" onto public com.neil.survey.util.RestResponseEntity<java.lang.Void> com.neil.survey.controller.AnswerController.deleteAnswer(com.neil.survey.module.Answer)
2018-01-02 17:05:01.342 [main] INFO  o.s.w.s.m.m.a.RequestMappingHandlerMapping -Mapped "{[/api/answerService/addAnswer],methods=[POST]}" onto public com.neil.survey.util.RestResponseEntity<java.lang.Void> com.neil.survey.controller.AnswerController.addAnswer(com.neil.survey.module.Answer)
2018-01-02 17:05:01.343 [main] INFO  o.s.w.s.m.m.a.RequestMappingHandlerMapping -Mapped "{[/api/answerService/getAllAnswerList],methods=[GET]}" onto public com.neil.survey.util.RestResponseEntity<java.util.List<com.neil.survey.module.Answer>> com.neil.survey.controller.AnswerController.listSurvey(com.neil.survey.util.PageEntity,java.lang.String)
2018-01-02 17:05:01.344 [main] INFO  o.s.w.s.m.m.a.RequestMappingHandlerMapping -Mapped "{[/api/brandService/getAllBrands],methods=[GET]}" onto public com.neil.survey.util.RestResponseEntity<java.util.List<com.neil.survey.module.Brand>> com.neil.survey.controller.BrandController.getAllBrands(com.neil.survey.util.PageEntity)
2018-01-02 17:05:01.344 [main] INFO  o.s.w.s.m.m.a.RequestMappingHandlerMapping -Mapped "{[/api/brandService/updateBrand],methods=[POST]}" onto public com.neil.survey.util.RestResponseEntity<java.lang.Void> com.neil.survey.controller.BrandController.updateBrand(com.neil.survey.module.Brand)
2018-01-02 17:05:01.345 [main] INFO  o.s.w.s.m.m.a.RequestMappingHandlerMapping -Mapped "{[/api/brandService/addBrand],methods=[POST]}" onto public com.neil.survey.util.RestResponseEntity<java.lang.Void> com.neil.survey.controller.BrandController.addBrand(com.neil.survey.module.Brand)
2018-01-02 17:05:01.345 [main] INFO  o.s.w.s.m.m.a.RequestMappingHandlerMapping -Mapped "{[/api/brandService/deleteBrand],methods=[DELETE]}" onto public com.neil.survey.util.RestResponseEntity<java.lang.Void> com.neil.survey.controller.BrandController.deleteCreator(com.neil.survey.module.Brand)
2018-01-02 17:05:01.346 [main] INFO  o.s.w.s.m.m.a.RequestMappingHandlerMapping -Mapped "{[/api/creatorService/deleteCreator],methods=[DELETE]}" onto public com.neil.survey.util.RestResponseEntity<java.lang.Void> com.neil.survey.controller.CreatorController.deleteCreator(com.neil.survey.module.Creator)
2018-01-02 17:05:01.347 [main] INFO  o.s.w.s.m.m.a.RequestMappingHandlerMapping -Mapped "{[/api/creatorService/addCreator],methods=[POST]}" onto public com.neil.survey.util.RestResponseEntity<java.lang.Void> com.neil.survey.controller.CreatorController.addCreator(com.neil.survey.module.Creator)
2018-01-02 17:05:01.347 [main] INFO  o.s.w.s.m.m.a.RequestMappingHandlerMapping -Mapped "{[/api/creatorService/listSurvey],methods=[GET]}" onto public com.neil.survey.util.RestResponseEntity<java.util.List<com.neil.survey.module.Survey>> com.neil.survey.controller.CreatorController.listSurvey(com.neil.survey.util.PageEntity,java.lang.String)
2018-01-02 17:05:01.347 [main] INFO  o.s.w.s.m.m.a.RequestMappingHandlerMapping -Mapped "{[/api/creatorService/getAllCreatorList],methods=[GET]}" onto public com.neil.survey.util.RestResponseEntity<java.util.List<com.neil.survey.module.Creator>> com.neil.survey.controller.CreatorController.getAllCreatorList(com.neil.survey.util.PageEntity,java.lang.String)
2018-01-02 17:05:01.351 [main] INFO  o.s.w.s.m.m.a.RequestMappingHandlerMapping -Mapped "{[/api/imageService/getAllImages],methods=[GET]}" onto public com.neil.survey.util.RestResponseEntity<java.util.List<com.neil.survey.module.Image>> com.neil.survey.controller.ImageController.getAllImages(com.neil.survey.util.PageEntity,java.lang.String)
2018-01-02 17:05:01.351 [main] INFO  o.s.w.s.m.m.a.RequestMappingHandlerMapping -Mapped "{[/api/imageService/uploadImage],methods=[POST]}" onto public com.neil.survey.util.RestResponseEntity<java.lang.Void> com.neil.survey.controller.ImageController.handleFileUpload(javax.servlet.http.HttpServletRequest)
2018-01-02 17:05:01.352 [main] INFO  o.s.w.s.m.m.a.RequestMappingHandlerMapping -Mapped "{[/api/imageService/deleteImage],methods=[DELETE]}" onto public com.neil.survey.util.RestResponseEntity<java.lang.Void> com.neil.survey.controller.ImageController.deleteCreator(com.neil.survey.module.Image)
2018-01-02 17:05:01.352 [main] INFO  o.s.w.s.m.m.a.RequestMappingHandlerMapping -Mapped "{[/api/imageService/updateImage],methods=[POST]}" onto public com.neil.survey.util.RestResponseEntity<java.lang.Void> com.neil.survey.controller.ImageController.updateImage(com.neil.survey.module.Image)
2018-01-02 17:05:01.352 [main] INFO  o.s.w.s.m.m.a.RequestMappingHandlerMapping -Mapped "{[/api/imageService/getDetailImagesByParentId],methods=[GET]}" onto public com.neil.survey.util.RestResponseEntity<java.util.List<com.neil.survey.module.Image>> com.neil.survey.controller.ImageController.getDetailImagesByParentId(java.lang.String)
2018-01-02 17:05:01.353 [main] INFO  o.s.w.s.m.m.a.RequestMappingHandlerMapping -Mapped "{[/api/imageService/getProductImagesByBrandId],methods=[GET]}" onto public com.neil.survey.util.RestResponseEntity<java.util.List<com.neil.survey.module.Image>> com.neil.survey.controller.ImageController.getProductImagesByBrandId(java.lang.String)
2018-01-02 17:05:01.356 [main] INFO  o.s.w.s.m.m.a.RequestMappingHandlerMapping -Mapped "{[/api/surveyService/getAllSurveys],methods=[GET]}" onto public com.neil.survey.util.RestResponseEntity<java.util.List<com.neil.survey.module.Survey>> com.neil.survey.controller.SurveyController.getAllSurveys(com.neil.survey.util.PageEntity)
2018-01-02 17:05:01.356 [main] INFO  o.s.w.s.m.m.a.RequestMappingHandlerMapping -Mapped "{[/api/surveyService/addSurvey],methods=[POST]}" onto public com.neil.survey.util.RestResponseEntity<java.lang.Void> com.neil.survey.controller.SurveyController.addSurvey(com.neil.survey.module.Survey)
2018-01-02 17:05:01.357 [main] INFO  o.s.w.s.m.m.a.RequestMappingHandlerMapping -Mapped "{[/api/surveyService/deleteSurvey],methods=[POST]}" onto public com.neil.survey.util.RestResponseEntity<java.lang.Void> com.neil.survey.controller.SurveyController.deleteSurvey(com.neil.survey.module.Survey)
2018-01-02 17:05:01.357 [main] INFO  o.s.w.s.m.m.a.RequestMappingHandlerMapping -Mapped "{[/api/surveyService/closeOpenSurvey],methods=[POST]}" onto public com.neil.survey.util.RestResponseEntity<java.lang.Void> com.neil.survey.controller.SurveyController.closeOpenSurvey(com.neil.survey.module.Survey)
2018-01-02 17:05:01.357 [main] INFO  o.s.w.s.m.m.a.RequestMappingHandlerMapping -Mapped "{[/api/surveyService/updateSurvey],methods=[POST]}" onto public com.neil.survey.util.RestResponseEntity<java.lang.Void> com.neil.survey.controller.SurveyController.updateSurvey(com.neil.survey.module.Survey)
2018-01-02 17:05:01.357 [main] INFO  o.s.w.s.m.m.a.RequestMappingHandlerMapping -Mapped "{[/api/surveyService/sychDb],methods=[GET]}" onto public com.neil.survey.util.RestResponseEntity<java.lang.Void> com.neil.survey.controller.SurveyController.sychDb() throws java.io.IOException
2018-01-02 17:05:01.358 [main] INFO  o.s.w.s.m.m.a.RequestMappingHandlerMapping -Mapped "{[/api/surveyService/getSurveyResult],methods=[GET]}" onto public com.neil.survey.util.RestResponseEntity<java.util.List<com.neil.survey.module.ImageCount>> com.neil.survey.controller.SurveyController.getSurveyResult(java.lang.String,java.lang.String)
2018-01-02 17:05:01.358 [main] INFO  o.s.w.s.m.m.a.RequestMappingHandlerMapping -Mapped "{[/api/surveyService/getSurveyDetail],methods=[GET]}" onto public com.neil.survey.util.RestResponseEntity<com.neil.survey.module.Survey> com.neil.survey.controller.SurveyController.getSurveyDetail(java.lang.String)
2018-01-02 17:05:01.359 [main] INFO  o.s.w.s.m.m.a.RequestMappingHandlerMapping -Mapped "{[/api/surveyService/getQRcode],methods=[GET]}" onto public org.springframework.http.ResponseEntity<byte[]> com.neil.survey.controller.SurveyController.getQRcode(java.lang.String) throws com.google.zxing.WriterException,java.io.IOException
2018-01-02 17:05:01.359 [main] INFO  o.s.w.s.m.m.a.RequestMappingHandlerMapping -Mapped "{[/api/surveyService/copySurvey],methods=[GET]}" onto public com.neil.survey.util.RestResponseEntity<com.neil.survey.module.Survey> com.neil.survey.controller.SurveyController.copySurvey(java.lang.String)
2018-01-02 17:05:01.362 [main] INFO  o.s.w.s.m.m.a.RequestMappingHandlerMapping -Mapped "{[/error]}" onto public org.springframework.http.ResponseEntity<java.util.Map<java.lang.String, java.lang.Object>> org.springframework.boot.autoconfigure.web.BasicErrorController.error(javax.servlet.http.HttpServletRequest)
2018-01-02 17:05:01.363 [main] INFO  o.s.w.s.m.m.a.RequestMappingHandlerMapping -Mapped "{[/error],produces=[text/html]}" onto public org.springframework.web.servlet.ModelAndView org.springframework.boot.autoconfigure.web.BasicErrorController.errorHtml(javax.servlet.http.HttpServletRequest,javax.servlet.http.HttpServletResponse)
2018-01-02 17:05:01.414 [main] INFO  o.s.w.s.h.SimpleUrlHandlerMapping -Mapped URL path [/webjars/**] onto handler of type [class org.springframework.web.servlet.resource.ResourceHttpRequestHandler]
2018-01-02 17:05:01.414 [main] INFO  o.s.w.s.h.SimpleUrlHandlerMapping -Mapped URL path [/static/**] onto handler of type [class org.springframework.web.servlet.resource.ResourceHttpRequestHandler]
2018-01-02 17:05:01.494 [main] INFO  o.s.w.s.h.SimpleUrlHandlerMapping -Mapped URL path [/**/favicon.ico] onto handler of type [class org.springframework.web.servlet.resource.ResourceHttpRequestHandler]
2018-01-02 17:05:02.058 [main] INFO  o.s.j.e.a.AnnotationMBeanExporter -Registering beans for JMX exposure on startup
2018-01-02 17:05:02.221 [main] INFO  o.s.b.c.e.t.TomcatEmbeddedServletContainer -Tomcat started on port(s): 8000 (http)
2018-01-02 17:05:02.232 [main] INFO  com.neil.survey.SurveyApplication -Started SurveyApplication in 10.531 seconds (JVM running for 14.152)
2018-01-02 17:05:10.412 [http-nio-8000-exec-1] INFO  o.a.c.c.C.[Tomcat].[localhost].[/] -Initializing Spring FrameworkServlet 'dispatcherServlet'
2018-01-02 17:05:10.412 [http-nio-8000-exec-1] INFO  o.s.web.servlet.DispatcherServlet -FrameworkServlet 'dispatcherServlet': initialization started
2018-01-02 17:05:10.430 [http-nio-8000-exec-1] INFO  o.s.web.servlet.DispatcherServlet -FrameworkServlet 'dispatcherServlet': initialization completed in 18 ms
2018-01-02 17:06:18.843 [http-nio-8000-exec-1] INFO  c.n.s.controller.SurveyController -sub area is null.
2018-01-02 17:06:18.843 [http-nio-8000-exec-1] INFO  c.n.s.controller.SurveyController -sub area is null.
2018-01-02 17:06:18.892 [http-nio-8000-exec-1] INFO  c.n.s.controller.SurveyController -sub area is null.
2018-01-02 17:06:18.892 [http-nio-8000-exec-1] INFO  c.n.s.controller.SurveyController -sub area is null.
2018-01-02 17:06:18.993 [http-nio-8000-exec-1] INFO  c.n.s.controller.SurveyController -sub area is null.
2018-01-02 17:06:18.993 [http-nio-8000-exec-1] INFO  c.n.s.controller.SurveyController -sub area is null.
2018-01-02 17:06:18.993 [http-nio-8000-exec-1] INFO  c.n.s.controller.SurveyController -sub area is null.
2018-01-02 17:06:18.993 [http-nio-8000-exec-1] INFO  c.n.s.controller.SurveyController -sub area is null.
2018-01-02 17:06:18.994 [http-nio-8000-exec-1] INFO  c.n.s.controller.SurveyController -sub area is null.
2018-01-02 17:06:18.994 [http-nio-8000-exec-1] INFO  c.n.s.controller.SurveyController -sub area is null.
2018-01-02 17:06:40.363 [http-nio-8000-exec-1] INFO  c.n.s.controller.SurveyController -sub area is null.
2018-01-02 17:06:40.364 [http-nio-8000-exec-1] INFO  c.n.s.controller.SurveyController -sub area is null.
2018-01-02 17:06:40.364 [http-nio-8000-exec-1] INFO  c.n.s.controller.SurveyController -sub area is null.
2018-01-02 17:06:40.364 [http-nio-8000-exec-1] INFO  c.n.s.controller.SurveyController -sub area is null.
2018-01-02 17:06:40.393 [http-nio-8000-exec-1] INFO  c.n.s.controller.SurveyController -sub area is null.
2018-01-02 17:06:40.393 [http-nio-8000-exec-1] INFO  c.n.s.controller.SurveyController -sub area is null.
2018-01-02 17:06:40.420 [http-nio-8000-exec-1] INFO  c.n.s.controller.SurveyController -sub area is null.
2018-01-02 17:06:40.421 [http-nio-8000-exec-1] INFO  c.n.s.controller.SurveyController -sub area is null.
2018-01-02 17:06:40.421 [http-nio-8000-exec-1] INFO  c.n.s.controller.SurveyController -sub area is null.
2018-01-02 17:06:40.421 [http-nio-8000-exec-1] INFO  c.n.s.controller.SurveyController -sub area is null.
2018-01-02 17:06:40.421 [http-nio-8000-exec-1] INFO  c.n.s.controller.SurveyController -sub area is null.
2018-01-02 17:06:40.421 [http-nio-8000-exec-1] INFO  c.n.s.controller.SurveyController -sub area is null.
2018-01-02 17:06:40.421 [http-nio-8000-exec-1] INFO  c.n.s.controller.SurveyController -sub area is null.
2018-01-02 17:06:40.421 [http-nio-8000-exec-1] INFO  c.n.s.controller.SurveyController -sub area is null.
2018-01-02 17:18:49.633 [main] INFO  com.neil.survey.SurveyApplication -Starting SurveyApplication on DESKTOP-2QOMAIJ with PID 2520 (D:\G_zcm\git\survey\target\classes started by G_zcm in D:\G_zcm\git\survey)
2018-01-02 17:18:49.639 [main] INFO  com.neil.survey.SurveyApplication -No active profile set, falling back to default profiles: default
2018-01-02 17:18:49.680 [main] INFO  o.s.b.c.e.AnnotationConfigEmbeddedWebApplicationContext -Refreshing org.springframework.boot.context.embedded.AnnotationConfigEmbeddedWebApplicationContext@7d898981: startup date [Tue Jan 02 17:18:49 CST 2018]; root of context hierarchy
2018-01-02 17:18:51.142 [main] INFO  o.s.b.c.e.t.TomcatEmbeddedServletContainer -Tomcat initialized with port(s): 8000 (http)
2018-01-02 17:18:51.152 [main] INFO  o.a.catalina.core.StandardService -Starting service [Tomcat]
2018-01-02 17:18:51.153 [main] INFO  o.a.catalina.core.StandardEngine -Starting Servlet Engine: Apache Tomcat/8.5.20
2018-01-02 17:18:51.263 [localhost-startStop-1] INFO  o.a.c.c.C.[Tomcat].[localhost].[/] -Initializing Spring embedded WebApplicationContext
2018-01-02 17:18:51.263 [localhost-startStop-1] INFO  o.s.web.context.ContextLoader -Root WebApplicationContext: initialization completed in 1583 ms
2018-01-02 17:18:51.437 [localhost-startStop-1] INFO  o.s.b.w.s.ServletRegistrationBean -Mapping servlet: 'webServlet' to [/console/*]
2018-01-02 17:18:51.438 [localhost-startStop-1] INFO  o.s.b.w.s.ServletRegistrationBean -Mapping servlet: 'dispatcherServlet' to [/]
2018-01-02 17:18:51.441 [localhost-startStop-1] INFO  o.s.b.w.s.FilterRegistrationBean -Mapping filter: 'characterEncodingFilter' to: [/*]
2018-01-02 17:18:51.441 [localhost-startStop-1] INFO  o.s.b.w.s.FilterRegistrationBean -Mapping filter: 'hiddenHttpMethodFilter' to: [/*]
2018-01-02 17:18:51.441 [localhost-startStop-1] INFO  o.s.b.w.s.FilterRegistrationBean -Mapping filter: 'httpPutFormContentFilter' to: [/*]
2018-01-02 17:18:51.441 [localhost-startStop-1] INFO  o.s.b.w.s.FilterRegistrationBean -Mapping filter: 'requestContextFilter' to: [/*]
2018-01-02 17:18:51.442 [localhost-startStop-1] INFO  o.s.b.w.s.FilterRegistrationBean -Mapping filter: 'openEntityManagerInViewFilter' to urls: [/*]
2018-01-02 17:18:51.458 [localhost-startStop-1] INFO  com.neil.servlet.H2Listener -正在启动h2数据库...
2018-01-02 17:18:51.579 [localhost-startStop-1] INFO  com.neil.servlet.H2Listener -h2数据库启动成功...
2018-01-02 17:18:56.022 [main] INFO  o.s.o.j.LocalContainerEntityManagerFactoryBean -Building JPA container EntityManagerFactory for persistence unit 'default'
2018-01-02 17:18:56.036 [main] INFO  o.h.jpa.internal.util.LogHelper -HHH000204: Processing PersistenceUnitInfo [
	name: default
	...]
2018-01-02 17:18:56.185 [main] INFO  org.hibernate.Version -HHH000412: Hibernate Core {5.0.12.Final}
2018-01-02 17:18:56.187 [main] INFO  org.hibernate.cfg.Environment -HHH000206: hibernate.properties not found
2018-01-02 17:18:56.189 [main] INFO  org.hibernate.cfg.Environment -HHH000021: Bytecode provider name : javassist
2018-01-02 17:18:56.227 [main] INFO  o.h.annotations.common.Version -HCANN000001: Hibernate Commons Annotations {5.0.1.Final}
2018-01-02 17:18:56.357 [main] INFO  org.hibernate.dialect.Dialect -HHH000400: Using dialect: org.hibernate.dialect.H2Dialect
2018-01-02 17:18:56.564 [main] WARN  org.hibernate.id.UUIDHexGenerator -HHH000409: Using org.hibernate.id.UUIDHexGenerator which does not generate IETF RFC 4122 compliant UUID values; consider using org.hibernate.id.UUIDGenerator instead
2018-01-02 17:18:56.594 [main] WARN  org.hibernate.mapping.RootClass -HHH000038: Composite-id class does not override equals(): com.neil.survey.module.BrandImage
2018-01-02 17:18:56.594 [main] WARN  org.hibernate.mapping.RootClass -HHH000039: Composite-id class does not override hashCode(): com.neil.survey.module.BrandImage
2018-01-02 17:18:56.594 [main] WARN  org.hibernate.mapping.RootClass -HHH000038: Composite-id class does not override equals(): com.neil.survey.module.AnswerBrand
2018-01-02 17:18:56.594 [main] WARN  org.hibernate.mapping.RootClass -HHH000039: Composite-id class does not override hashCode(): com.neil.survey.module.AnswerBrand
2018-01-02 17:18:56.594 [main] WARN  org.hibernate.mapping.RootClass -HHH000038: Composite-id class does not override equals(): com.neil.survey.module.SurveyImage
2018-01-02 17:18:56.595 [main] WARN  org.hibernate.mapping.RootClass -HHH000039: Composite-id class does not override hashCode(): com.neil.survey.module.SurveyImage
2018-01-02 17:18:56.595 [main] WARN  org.hibernate.mapping.RootClass -HHH000038: Composite-id class does not override equals(): com.neil.survey.module.AnswerImage
2018-01-02 17:18:56.595 [main] WARN  org.hibernate.mapping.RootClass -HHH000039: Composite-id class does not override hashCode(): com.neil.survey.module.AnswerImage
2018-01-02 17:18:56.595 [main] WARN  org.hibernate.mapping.RootClass -HHH000038: Composite-id class does not override equals(): com.neil.survey.module.SurveyBrand
2018-01-02 17:18:56.595 [main] WARN  org.hibernate.mapping.RootClass -HHH000039: Composite-id class does not override hashCode(): com.neil.survey.module.SurveyBrand
2018-01-02 17:18:56.870 [main] INFO  o.h.tool.hbm2ddl.SchemaUpdate -HHH000228: Running hbm2ddl schema update
2018-01-02 17:18:57.057 [main] INFO  o.s.o.j.LocalContainerEntityManagerFactoryBean -Initialized JPA EntityManagerFactory for persistence unit 'default'
2018-01-02 17:18:57.968 [main] INFO  o.s.w.s.m.m.a.RequestMappingHandlerAdapter -Looking for @ControllerAdvice: org.springframework.boot.context.embedded.AnnotationConfigEmbeddedWebApplicationContext@7d898981: startup date [Tue Jan 02 17:18:49 CST 2018]; root of context hierarchy
2018-01-02 17:18:58.060 [main] INFO  o.s.w.s.m.m.a.RequestMappingHandlerMapping -Mapped "{[/api/answerService/addAnswer],methods=[POST]}" onto public com.neil.survey.util.RestResponseEntity<java.lang.Void> com.neil.survey.controller.AnswerController.addAnswer(com.neil.survey.module.Answer)
2018-01-02 17:18:58.061 [main] INFO  o.s.w.s.m.m.a.RequestMappingHandlerMapping -Mapped "{[/api/answerService/getAllAnswerList],methods=[GET]}" onto public com.neil.survey.util.RestResponseEntity<java.util.List<com.neil.survey.module.Answer>> com.neil.survey.controller.AnswerController.listSurvey(com.neil.survey.util.PageEntity,java.lang.String)
2018-01-02 17:18:58.062 [main] INFO  o.s.w.s.m.m.a.RequestMappingHandlerMapping -Mapped "{[/api/answerService/updateAnswer],methods=[POST]}" onto public com.neil.survey.util.RestResponseEntity<java.lang.Void> com.neil.survey.controller.AnswerController.updateAnswer(com.neil.survey.module.Answer)
2018-01-02 17:18:58.062 [main] INFO  o.s.w.s.m.m.a.RequestMappingHandlerMapping -Mapped "{[/api/answerService/deleteAnswer],methods=[DELETE]}" onto public com.neil.survey.util.RestResponseEntity<java.lang.Void> com.neil.survey.controller.AnswerController.deleteAnswer(com.neil.survey.module.Answer)
2018-01-02 17:18:58.064 [main] INFO  o.s.w.s.m.m.a.RequestMappingHandlerMapping -Mapped "{[/api/brandService/updateBrand],methods=[POST]}" onto public com.neil.survey.util.RestResponseEntity<java.lang.Void> com.neil.survey.controller.BrandController.updateBrand(com.neil.survey.module.Brand)
2018-01-02 17:18:58.065 [main] INFO  o.s.w.s.m.m.a.RequestMappingHandlerMapping -Mapped "{[/api/brandService/getAllBrands],methods=[GET]}" onto public com.neil.survey.util.RestResponseEntity<java.util.List<com.neil.survey.module.Brand>> com.neil.survey.controller.BrandController.getAllBrands(com.neil.survey.util.PageEntity)
2018-01-02 17:18:58.065 [main] INFO  o.s.w.s.m.m.a.RequestMappingHandlerMapping -Mapped "{[/api/brandService/deleteBrand],methods=[DELETE]}" onto public com.neil.survey.util.RestResponseEntity<java.lang.Void> com.neil.survey.controller.BrandController.deleteCreator(com.neil.survey.module.Brand)
2018-01-02 17:18:58.066 [main] INFO  o.s.w.s.m.m.a.RequestMappingHandlerMapping -Mapped "{[/api/brandService/addBrand],methods=[POST]}" onto public com.neil.survey.util.RestResponseEntity<java.lang.Void> com.neil.survey.controller.BrandController.addBrand(com.neil.survey.module.Brand)
2018-01-02 17:18:58.067 [main] INFO  o.s.w.s.m.m.a.RequestMappingHandlerMapping -Mapped "{[/api/creatorService/deleteCreator],methods=[DELETE]}" onto public com.neil.survey.util.RestResponseEntity<java.lang.Void> com.neil.survey.controller.CreatorController.deleteCreator(com.neil.survey.module.Creator)
2018-01-02 17:18:58.068 [main] INFO  o.s.w.s.m.m.a.RequestMappingHandlerMapping -Mapped "{[/api/creatorService/listSurvey],methods=[GET]}" onto public com.neil.survey.util.RestResponseEntity<java.util.List<com.neil.survey.module.Survey>> com.neil.survey.controller.CreatorController.listSurvey(com.neil.survey.util.PageEntity,java.lang.String)
2018-01-02 17:18:58.068 [main] INFO  o.s.w.s.m.m.a.RequestMappingHandlerMapping -Mapped "{[/api/creatorService/addCreator],methods=[POST]}" onto public com.neil.survey.util.RestResponseEntity<java.lang.Void> com.neil.survey.controller.CreatorController.addCreator(com.neil.survey.module.Creator)
2018-01-02 17:18:58.069 [main] INFO  o.s.w.s.m.m.a.RequestMappingHandlerMapping -Mapped "{[/api/creatorService/getAllCreatorList],methods=[GET]}" onto public com.neil.survey.util.RestResponseEntity<java.util.List<com.neil.survey.module.Creator>> com.neil.survey.controller.CreatorController.getAllCreatorList(com.neil.survey.util.PageEntity,java.lang.String)
2018-01-02 17:18:58.074 [main] INFO  o.s.w.s.m.m.a.RequestMappingHandlerMapping -Mapped "{[/api/imageService/deleteImage],methods=[DELETE]}" onto public com.neil.survey.util.RestResponseEntity<java.lang.Void> com.neil.survey.controller.ImageController.deleteCreator(com.neil.survey.module.Image)
2018-01-02 17:18:58.075 [main] INFO  o.s.w.s.m.m.a.RequestMappingHandlerMapping -Mapped "{[/api/imageService/updateImage],methods=[POST]}" onto public com.neil.survey.util.RestResponseEntity<java.lang.Void> com.neil.survey.controller.ImageController.updateImage(com.neil.survey.module.Image)
2018-01-02 17:18:58.076 [main] INFO  o.s.w.s.m.m.a.RequestMappingHandlerMapping -Mapped "{[/api/imageService/getAllImages],methods=[GET]}" onto public com.neil.survey.util.RestResponseEntity<java.util.List<com.neil.survey.module.Image>> com.neil.survey.controller.ImageController.getAllImages(com.neil.survey.util.PageEntity,java.lang.String)
2018-01-02 17:18:58.076 [main] INFO  o.s.w.s.m.m.a.RequestMappingHandlerMapping -Mapped "{[/api/imageService/uploadImage],methods=[POST]}" onto public com.neil.survey.util.RestResponseEntity<java.lang.Void> com.neil.survey.controller.ImageController.handleFileUpload(javax.servlet.http.HttpServletRequest)
2018-01-02 17:18:58.077 [main] INFO  o.s.w.s.m.m.a.RequestMappingHandlerMapping -Mapped "{[/api/imageService/getDetailImagesByParentId],methods=[GET]}" onto public com.neil.survey.util.RestResponseEntity<java.util.List<com.neil.survey.module.Image>> com.neil.survey.controller.ImageController.getDetailImagesByParentId(java.lang.String)
2018-01-02 17:18:58.078 [main] INFO  o.s.w.s.m.m.a.RequestMappingHandlerMapping -Mapped "{[/api/imageService/getProductImagesByBrandId],methods=[GET]}" onto public com.neil.survey.util.RestResponseEntity<java.util.List<com.neil.survey.module.Image>> com.neil.survey.controller.ImageController.getProductImagesByBrandId(java.lang.String)
2018-01-02 17:18:58.080 [main] INFO  o.s.w.s.m.m.a.RequestMappingHandlerMapping -Mapped "{[/api/surveyService/updateSurvey],methods=[POST]}" onto public com.neil.survey.util.RestResponseEntity<java.lang.Void> com.neil.survey.controller.SurveyController.updateSurvey(com.neil.survey.module.Survey)
2018-01-02 17:18:58.081 [main] INFO  o.s.w.s.m.m.a.RequestMappingHandlerMapping -Mapped "{[/api/surveyService/getSurveyDetail],methods=[GET]}" onto public com.neil.survey.util.RestResponseEntity<com.neil.survey.module.Survey> com.neil.survey.controller.SurveyController.getSurveyDetail(java.lang.String)
2018-01-02 17:18:58.082 [main] INFO  o.s.w.s.m.m.a.RequestMappingHandlerMapping -Mapped "{[/api/surveyService/copySurvey],methods=[GET]}" onto public com.neil.survey.util.RestResponseEntity<com.neil.survey.module.Survey> com.neil.survey.controller.SurveyController.copySurvey(java.lang.String)
2018-01-02 17:18:58.082 [main] INFO  o.s.w.s.m.m.a.RequestMappingHandlerMapping -Mapped "{[/api/surveyService/getAllSurveys],methods=[GET]}" onto public com.neil.survey.util.RestResponseEntity<java.util.List<com.neil.survey.module.Survey>> com.neil.survey.controller.SurveyController.getAllSurveys(com.neil.survey.util.PageEntity)
2018-01-02 17:18:58.083 [main] INFO  o.s.w.s.m.m.a.RequestMappingHandlerMapping -Mapped "{[/api/surveyService/addSurvey],methods=[POST]}" onto public com.neil.survey.util.RestResponseEntity<java.lang.Void> com.neil.survey.controller.SurveyController.addSurvey(com.neil.survey.module.Survey)
2018-01-02 17:18:58.083 [main] INFO  o.s.w.s.m.m.a.RequestMappingHandlerMapping -Mapped "{[/api/surveyService/deleteSurvey],methods=[POST]}" onto public com.neil.survey.util.RestResponseEntity<java.lang.Void> com.neil.survey.controller.SurveyController.deleteSurvey(com.neil.survey.module.Survey)
2018-01-02 17:18:58.083 [main] INFO  o.s.w.s.m.m.a.RequestMappingHandlerMapping -Mapped "{[/api/surveyService/closeOpenSurvey],methods=[POST]}" onto public com.neil.survey.util.RestResponseEntity<java.lang.Void> com.neil.survey.controller.SurveyController.closeOpenSurvey(com.neil.survey.module.Survey)
2018-01-02 17:18:58.084 [main] INFO  o.s.w.s.m.m.a.RequestMappingHandlerMapping -Mapped "{[/api/surveyService/getSurveyResult],methods=[GET]}" onto public com.neil.survey.util.RestResponseEntity<java.util.List<com.neil.survey.module.ImageCount>> com.neil.survey.controller.SurveyController.getSurveyResult(java.lang.String,java.lang.String)
2018-01-02 17:18:58.084 [main] INFO  o.s.w.s.m.m.a.RequestMappingHandlerMapping -Mapped "{[/api/surveyService/sychDb],methods=[GET]}" onto public com.neil.survey.util.RestResponseEntity<java.lang.Void> com.neil.survey.controller.SurveyController.sychDb() throws java.io.IOException
2018-01-02 17:18:58.085 [main] INFO  o.s.w.s.m.m.a.RequestMappingHandlerMapping -Mapped "{[/api/surveyService/getQRcode],methods=[GET]}" onto public org.springframework.http.ResponseEntity<byte[]> com.neil.survey.controller.SurveyController.getQRcode(java.lang.String) throws com.google.zxing.WriterException,java.io.IOException
2018-01-02 17:18:58.087 [main] INFO  o.s.w.s.m.m.a.RequestMappingHandlerMapping -Mapped "{[/error]}" onto public org.springframework.http.ResponseEntity<java.util.Map<java.lang.String, java.lang.Object>> org.springframework.boot.autoconfigure.web.BasicErrorController.error(javax.servlet.http.HttpServletRequest)
2018-01-02 17:18:58.087 [main] INFO  o.s.w.s.m.m.a.RequestMappingHandlerMapping -Mapped "{[/error],produces=[text/html]}" onto public org.springframework.web.servlet.ModelAndView org.springframework.boot.autoconfigure.web.BasicErrorController.errorHtml(javax.servlet.http.HttpServletRequest,javax.servlet.http.HttpServletResponse)
2018-01-02 17:18:58.136 [main] INFO  o.s.w.s.h.SimpleUrlHandlerMapping -Mapped URL path [/webjars/**] onto handler of type [class org.springframework.web.servlet.resource.ResourceHttpRequestHandler]
2018-01-02 17:18:58.136 [main] INFO  o.s.w.s.h.SimpleUrlHandlerMapping -Mapped URL path [/static/**] onto handler of type [class org.springframework.web.servlet.resource.ResourceHttpRequestHandler]
2018-01-02 17:18:58.186 [main] INFO  o.s.w.s.h.SimpleUrlHandlerMapping -Mapped URL path [/**/favicon.ico] onto handler of type [class org.springframework.web.servlet.resource.ResourceHttpRequestHandler]
2018-01-02 17:18:58.798 [main] INFO  o.s.j.e.a.AnnotationMBeanExporter -Registering beans for JMX exposure on startup
2018-01-02 17:18:58.875 [main] INFO  o.s.b.c.e.t.TomcatEmbeddedServletContainer -Tomcat started on port(s): 8000 (http)
2018-01-02 17:18:58.880 [main] INFO  com.neil.survey.SurveyApplication -Started SurveyApplication in 9.57 seconds (JVM running for 12.576)
2018-01-02 17:19:38.105 [http-nio-8000-exec-2] INFO  o.a.c.c.C.[Tomcat].[localhost].[/] -Initializing Spring FrameworkServlet 'dispatcherServlet'
2018-01-02 17:19:38.106 [http-nio-8000-exec-2] INFO  o.s.web.servlet.DispatcherServlet -FrameworkServlet 'dispatcherServlet': initialization started
2018-01-02 17:19:38.124 [http-nio-8000-exec-2] INFO  o.s.web.servlet.DispatcherServlet -FrameworkServlet 'dispatcherServlet': initialization completed in 18 ms
2018-01-02 17:21:04.353 [http-nio-8000-exec-2] INFO  c.n.s.controller.SurveyController -sub area is null.
2018-01-02 17:21:04.353 [http-nio-8000-exec-2] INFO  c.n.s.controller.SurveyController -sub area is null.
2018-01-02 17:21:04.447 [http-nio-8000-exec-2] INFO  c.n.s.controller.SurveyController -sub area is null.
2018-01-02 17:21:04.448 [http-nio-8000-exec-2] INFO  c.n.s.controller.SurveyController -sub area is null.
2018-01-02 17:21:04.571 [http-nio-8000-exec-2] INFO  c.n.s.controller.SurveyController -sub area is null.
2018-01-02 17:21:04.572 [http-nio-8000-exec-2] INFO  c.n.s.controller.SurveyController -sub area is null.
2018-01-02 17:21:04.572 [http-nio-8000-exec-2] INFO  c.n.s.controller.SurveyController -sub area is null.
2018-01-02 17:21:04.572 [http-nio-8000-exec-2] INFO  c.n.s.controller.SurveyController -sub area is null.
2018-01-02 17:21:04.572 [http-nio-8000-exec-2] INFO  c.n.s.controller.SurveyController -sub area is null.
2018-01-02 17:21:04.572 [http-nio-8000-exec-2] INFO  c.n.s.controller.SurveyController -sub area is null.
2018-01-02 17:21:10.527 [http-nio-8000-exec-2] INFO  c.n.s.controller.SurveyController -sub area is null.
2018-01-02 17:21:10.527 [http-nio-8000-exec-2] INFO  c.n.s.controller.SurveyController -sub area is null.
2018-01-02 17:21:10.527 [http-nio-8000-exec-2] INFO  c.n.s.controller.SurveyController -sub area is null.
2018-01-02 17:21:10.527 [http-nio-8000-exec-2] INFO  c.n.s.controller.SurveyController -sub area is null.
2018-01-02 17:21:10.579 [http-nio-8000-exec-2] INFO  c.n.s.controller.SurveyController -sub area is null.
2018-01-02 17:21:10.579 [http-nio-8000-exec-2] INFO  c.n.s.controller.SurveyController -sub area is null.
2018-01-02 17:21:10.630 [http-nio-8000-exec-2] INFO  c.n.s.controller.SurveyController -sub area is null.
2018-01-02 17:21:10.630 [http-nio-8000-exec-2] INFO  c.n.s.controller.SurveyController -sub area is null.
2018-01-02 17:21:10.630 [http-nio-8000-exec-2] INFO  c.n.s.controller.SurveyController -sub area is null.
2018-01-02 17:21:10.630 [http-nio-8000-exec-2] INFO  c.n.s.controller.SurveyController -sub area is null.
2018-01-02 17:21:10.630 [http-nio-8000-exec-2] INFO  c.n.s.controller.SurveyController -sub area is null.
2018-01-02 17:21:10.630 [http-nio-8000-exec-2] INFO  c.n.s.controller.SurveyController -sub area is null.
2018-01-02 17:21:10.630 [http-nio-8000-exec-2] INFO  c.n.s.controller.SurveyController -sub area is null.
2018-01-02 17:21:10.630 [http-nio-8000-exec-2] INFO  c.n.s.controller.SurveyController -sub area is null.
2018-01-02 17:21:11.952 [http-nio-8000-exec-2] INFO  c.n.s.controller.SurveyController -sub area is null.
2018-01-02 17:21:11.952 [http-nio-8000-exec-2] INFO  c.n.s.controller.SurveyController -sub area is null.
2018-01-02 17:21:11.952 [http-nio-8000-exec-2] INFO  c.n.s.controller.SurveyController -sub area is null.
2018-01-02 17:21:11.952 [http-nio-8000-exec-2] INFO  c.n.s.controller.SurveyController -sub area is null.
2018-01-02 17:21:12.016 [http-nio-8000-exec-2] INFO  c.n.s.controller.SurveyController -sub area is null.
2018-01-02 17:21:12.016 [http-nio-8000-exec-2] INFO  c.n.s.controller.SurveyController -sub area is null.
2018-01-02 17:21:12.076 [http-nio-8000-exec-2] INFO  c.n.s.controller.SurveyController -sub area is null.
2018-01-02 17:21:12.077 [http-nio-8000-exec-2] INFO  c.n.s.controller.SurveyController -sub area is null.
2018-01-02 17:21:12.077 [http-nio-8000-exec-2] INFO  c.n.s.controller.SurveyController -sub area is null.
2018-01-02 17:21:12.077 [http-nio-8000-exec-2] INFO  c.n.s.controller.SurveyController -sub area is null.
2018-01-02 17:21:12.077 [http-nio-8000-exec-2] INFO  c.n.s.controller.SurveyController -sub area is null.
2018-01-02 17:21:12.077 [http-nio-8000-exec-2] INFO  c.n.s.controller.SurveyController -sub area is null.
2018-01-02 17:21:12.077 [http-nio-8000-exec-2] INFO  c.n.s.controller.SurveyController -sub area is null.
2018-01-02 17:21:12.077 [http-nio-8000-exec-2] INFO  c.n.s.controller.SurveyController -sub area is null.
2018-01-02 17:21:12.394 [http-nio-8000-exec-2] INFO  c.n.s.controller.SurveyController -sub area is null.
2018-01-02 17:21:12.710 [http-nio-8000-exec-2] INFO  c.n.s.controller.SurveyController -sub area is null.
2018-01-02 17:21:12.711 [http-nio-8000-exec-2] INFO  c.n.s.controller.SurveyController -sub area is null.
2018-01-02 17:21:12.711 [http-nio-8000-exec-2] INFO  c.n.s.controller.SurveyController -sub area is null.
2018-01-02 17:21:12.711 [http-nio-8000-exec-2] INFO  c.n.s.controller.SurveyController -sub area is null.
2018-01-02 17:21:12.754 [http-nio-8000-exec-2] INFO  c.n.s.controller.SurveyController -sub area is null.
2018-01-02 17:21:12.754 [http-nio-8000-exec-2] INFO  c.n.s.controller.SurveyController -sub area is null.
2018-01-02 17:21:12.836 [http-nio-8000-exec-2] INFO  c.n.s.controller.SurveyController -sub area is null.
2018-01-02 17:21:12.836 [http-nio-8000-exec-2] INFO  c.n.s.controller.SurveyController -sub area is null.
2018-01-02 17:21:12.836 [http-nio-8000-exec-2] INFO  c.n.s.controller.SurveyController -sub area is null.
2018-01-02 17:21:12.836 [http-nio-8000-exec-2] INFO  c.n.s.controller.SurveyController -sub area is null.
2018-01-02 17:21:12.836 [http-nio-8000-exec-2] INFO  c.n.s.controller.SurveyController -sub area is null.
2018-01-02 17:21:12.836 [http-nio-8000-exec-2] INFO  c.n.s.controller.SurveyController -sub area is null.
2018-01-02 17:21:12.836 [http-nio-8000-exec-2] INFO  c.n.s.controller.SurveyController -sub area is null.
2018-01-02 17:21:13.638 [http-nio-8000-exec-2] INFO  c.n.s.controller.SurveyController -sub area is null.
2018-01-02 17:21:13.639 [http-nio-8000-exec-2] INFO  c.n.s.controller.SurveyController -sub area is null.
2018-01-02 17:21:13.639 [http-nio-8000-exec-2] INFO  c.n.s.controller.SurveyController -sub area is null.
2018-01-02 17:21:13.963 [http-nio-8000-exec-2] INFO  c.n.s.controller.SurveyController -sub area is null.
2018-01-02 17:21:14.075 [http-nio-8000-exec-2] INFO  c.n.s.controller.SurveyController -sub area is null.
2018-01-02 17:21:14.171 [http-nio-8000-exec-2] INFO  c.n.s.controller.SurveyController -sub area is null.
2018-01-02 17:21:14.171 [http-nio-8000-exec-2] INFO  c.n.s.controller.SurveyController -sub area is null.
2018-01-02 17:21:14.171 [http-nio-8000-exec-2] INFO  c.n.s.controller.SurveyController -sub area is null.
2018-01-02 17:21:14.171 [http-nio-8000-exec-2] INFO  c.n.s.controller.SurveyController -sub area is null.
2018-01-02 17:21:20.918 [http-nio-8000-exec-2] INFO  c.n.s.controller.SurveyController -sub area is null.
2018-01-02 17:21:20.919 [http-nio-8000-exec-2] INFO  c.n.s.controller.SurveyController -sub area is null.
2018-01-02 17:21:20.919 [http-nio-8000-exec-2] INFO  c.n.s.controller.SurveyController -sub area is null.
2018-01-02 17:21:21.238 [http-nio-8000-exec-2] INFO  c.n.s.controller.SurveyController -sub area is null.
2018-01-02 17:21:22.611 [http-nio-8000-exec-2] INFO  c.n.s.controller.SurveyController -sub area is null.
2018-01-02 17:21:22.611 [http-nio-8000-exec-2] INFO  c.n.s.controller.SurveyController -sub area is null.
2018-01-02 17:21:28.796 [http-nio-8000-exec-2] INFO  c.n.s.controller.SurveyController -sub area is null.
2018-01-02 17:21:28.796 [http-nio-8000-exec-2] INFO  c.n.s.controller.SurveyController -sub area is null.
2018-01-02 17:21:28.796 [http-nio-8000-exec-2] INFO  c.n.s.controller.SurveyController -sub area is null.
2018-01-02 17:21:29.088 [http-nio-8000-exec-2] INFO  c.n.s.controller.SurveyController -sub area is null.
2018-01-02 17:21:30.004 [http-nio-8000-exec-2] INFO  c.n.s.controller.SurveyController -sub area is null.
2018-01-02 17:21:30.175 [http-nio-8000-exec-2] INFO  c.n.s.controller.SurveyController -sub area is null.
2018-01-02 17:21:30.176 [http-nio-8000-exec-2] INFO  c.n.s.controller.SurveyController -sub area is null.
2018-01-02 17:21:36.721 [http-nio-8000-exec-2] ERROR c.n.s.controller.SurveyController -insert detail image erro.
2018-01-02 17:21:45.486 [http-nio-8000-exec-2] ERROR c.n.s.controller.SurveyController -insert detail image erro.
2018-01-02 17:21:52.837 [http-nio-8000-exec-2] ERROR c.n.s.controller.SurveyController -insert detail image erro.
2018-01-02 17:21:57.064 [http-nio-8000-exec-2] INFO  c.n.s.controller.SurveyController -sub area is null.
2018-01-02 17:21:57.064 [http-nio-8000-exec-2] INFO  c.n.s.controller.SurveyController -sub area is null.
2018-01-02 17:21:57.064 [http-nio-8000-exec-2] INFO  c.n.s.controller.SurveyController -sub area is null.
2018-01-02 17:22:00.071 [http-nio-8000-exec-2] ERROR c.n.s.controller.SurveyController -insert detail image erro.
2018-01-02 17:22:06.179 [http-nio-8000-exec-2] ERROR c.n.s.controller.SurveyController -insert detail image erro.
2018-01-02 17:22:09.319 [http-nio-8000-exec-2] INFO  c.n.s.controller.SurveyController -sub area is null.
2018-01-02 17:22:12.292 [http-nio-8000-exec-2] ERROR c.n.s.controller.SurveyController -insert detail image erro.
2018-01-02 17:22:17.913 [http-nio-8000-exec-2] ERROR c.n.s.controller.SurveyController -insert detail image erro.
2018-01-02 17:22:24.015 [http-nio-8000-exec-2] ERROR c.n.s.controller.SurveyController -insert detail image erro.
2018-01-02 17:22:29.675 [http-nio-8000-exec-2] ERROR c.n.s.controller.SurveyController -insert detail image erro.
2018-01-02 17:22:35.822 [http-nio-8000-exec-2] ERROR c.n.s.controller.SurveyController -insert detail image erro.
2018-01-02 17:22:38.586 [http-nio-8000-exec-2] INFO  c.n.s.controller.SurveyController -sub area is null.
2018-01-02 17:22:41.598 [http-nio-8000-exec-2] ERROR c.n.s.controller.SurveyController -insert detail image erro.
2018-01-02 17:22:44.785 [http-nio-8000-exec-2] INFO  c.n.s.controller.SurveyController -sub area is null.
2018-01-02 17:22:47.858 [http-nio-8000-exec-2] ERROR c.n.s.controller.SurveyController -insert detail image erro.
2018-01-02 17:22:53.735 [http-nio-8000-exec-2] INFO  c.n.s.controller.SurveyController -sub area is null.
2018-01-02 17:22:53.736 [http-nio-8000-exec-2] INFO  c.n.s.controller.SurveyController -sub area is null.
2018-01-02 17:22:53.736 [http-nio-8000-exec-2] INFO  c.n.s.controller.SurveyController -sub area is null.
2018-01-02 17:22:53.736 [http-nio-8000-exec-2] INFO  c.n.s.controller.SurveyController -sub area is null.
2018-01-02 17:22:53.736 [http-nio-8000-exec-2] INFO  c.n.s.controller.SurveyController -sub area is null.
2018-01-02 17:22:53.736 [http-nio-8000-exec-2] INFO  c.n.s.controller.SurveyController -sub area is null.
2018-01-02 17:22:53.736 [http-nio-8000-exec-2] INFO  c.n.s.controller.SurveyController -sub area is null.
2018-01-02 17:22:53.736 [http-nio-8000-exec-2] INFO  c.n.s.controller.SurveyController -sub area is null.
2018-01-02 17:22:53.736 [http-nio-8000-exec-2] INFO  c.n.s.controller.SurveyController -sub area is null.
2018-01-02 17:22:53.736 [http-nio-8000-exec-2] INFO  c.n.s.controller.SurveyController -sub area is null.
2018-01-02 17:22:53.736 [http-nio-8000-exec-2] INFO  c.n.s.controller.SurveyController -sub area is null.
2018-01-02 17:22:53.736 [http-nio-8000-exec-2] INFO  c.n.s.controller.SurveyController -sub area is null.
2018-01-02 17:22:53.736 [http-nio-8000-exec-2] INFO  c.n.s.controller.SurveyController -sub area is null.
2018-01-02 17:22:53.736 [http-nio-8000-exec-2] INFO  c.n.s.controller.SurveyController -sub area is null.
2018-01-02 17:22:53.736 [http-nio-8000-exec-2] INFO  c.n.s.controller.SurveyController -sub area is null.
2018-01-02 17:22:53.736 [http-nio-8000-exec-2] INFO  c.n.s.controller.SurveyController -sub area is null.
2018-01-02 17:22:53.736 [http-nio-8000-exec-2] INFO  c.n.s.controller.SurveyController -sub area is null.
2018-01-02 17:22:53.736 [http-nio-8000-exec-2] INFO  c.n.s.controller.SurveyController -sub area is null.
2018-01-02 17:22:57.033 [http-nio-8000-exec-2] WARN  o.h.e.jdbc.spi.SqlExceptionHelper -SQL Error: 22001, SQLState: 22001
2018-01-02 17:22:57.033 [http-nio-8000-exec-2] ERROR o.h.e.jdbc.spi.SqlExceptionHelper -Value too long for column "ALL_KEY_POINTS VARCHAR(20480)": "'[625.7999877929688, 581.5999755859375], [620.9999876022339, 565.299976348877], [615.5, 549.2999877929688], [612.4000000953674, ... (23875)"; SQL statement:
insert into image (all_key_points, contain_feature_line, feature_url, h, image_desc, image_name, image_type, image_url, parent_image_id, w, x, y, image_id) values (?, ?, ?, ?, ?, ?, ?, ?, ?, ?, ?, ?, ?) [22001-196]
2018-01-02 17:22:57.043 [http-nio-8000-exec-2] INFO  o.h.e.j.b.internal.AbstractBatchImpl -HHH000010: On release of batch it still contained JDBC statements
2018-01-02 17:22:57.047 [http-nio-8000-exec-2] ERROR c.n.s.controller.SurveyController -insert whole image erro.
2018-01-02 17:22:57.068 [http-nio-8000-exec-2] ERROR o.a.c.c.C.[.[.[.[dispatcherServlet] -Servlet.service() for servlet [dispatcherServlet] in context with path [] threw exception [Request processing failed; nested exception is org.springframework.orm.jpa.JpaObjectRetrievalFailureException: Unable to find com.neil.survey.module.Image with id 62; nested exception is javax.persistence.EntityNotFoundException: Unable to find com.neil.survey.module.Image with id 62] with root cause
javax.persistence.EntityNotFoundException: Unable to find com.neil.survey.module.Image with id 62
	at org.hibernate.jpa.boot.internal.EntityManagerFactoryBuilderImpl$JpaEntityNotFoundDelegate.handleEntityNotFound(EntityManagerFactoryBuilderImpl.java:144)
	at org.hibernate.event.internal.DefaultLoadEventListener.load(DefaultLoadEventListener.java:227)
	at org.hibernate.event.internal.DefaultLoadEventListener.proxyOrLoad(DefaultLoadEventListener.java:278)
	at org.hibernate.event.internal.DefaultLoadEventListener.doOnLoad(DefaultLoadEventListener.java:121)
	at org.hibernate.event.internal.DefaultLoadEventListener.onLoad(DefaultLoadEventListener.java:89)
	at org.hibernate.internal.SessionImpl.fireLoad(SessionImpl.java:1129)
	at org.hibernate.internal.SessionImpl.internalLoad(SessionImpl.java:1022)
	at org.hibernate.type.EntityType.resolveIdentifier(EntityType.java:639)
	at org.hibernate.type.EntityType.resolve(EntityType.java:431)
	at org.hibernate.type.EntityType.replace(EntityType.java:330)
	at org.hibernate.type.CollectionType.replaceElements(CollectionType.java:518)
	at org.hibernate.type.CollectionType.replace(CollectionType.java:663)
	at org.hibernate.type.TypeHelper.replace(TypeHelper.java:177)
	at org.hibernate.event.internal.DefaultMergeEventListener.copyValues(DefaultMergeEventListener.java:401)
	at org.hibernate.event.internal.DefaultMergeEventListener.entityIsDetached(DefaultMergeEventListener.java:328)
	at org.hibernate.event.internal.DefaultMergeEventListener.onMerge(DefaultMergeEventListener.java:170)
	at org.hibernate.event.internal.DefaultMergeEventListener.onMerge(DefaultMergeEventListener.java:69)
	at org.hibernate.internal.SessionImpl.fireMerge(SessionImpl.java:840)
	at org.hibernate.internal.SessionImpl.merge(SessionImpl.java:822)
	at org.hibernate.internal.SessionImpl.merge(SessionImpl.java:827)
	at org.hibernate.jpa.spi.AbstractEntityManagerImpl.merge(AbstractEntityManagerImpl.java:1161)
	at sun.reflect.GeneratedMethodAccessor75.invoke(Unknown Source)
	at sun.reflect.DelegatingMethodAccessorImpl.invoke(DelegatingMethodAccessorImpl.java:43)
	at java.lang.reflect.Method.invoke(Method.java:483)
	at org.springframework.orm.jpa.ExtendedEntityManagerCreator$ExtendedEntityManagerInvocationHandler.invoke(ExtendedEntityManagerCreator.java:347)
	at com.sun.proxy.$Proxy82.merge(Unknown Source)
	at sun.reflect.GeneratedMethodAccessor75.invoke(Unknown Source)
	at sun.reflect.DelegatingMethodAccessorImpl.invoke(DelegatingMethodAccessorImpl.java:43)
	at java.lang.reflect.Method.invoke(Method.java:483)
	at org.springframework.orm.jpa.SharedEntityManagerCreator$SharedEntityManagerInvocationHandler.invoke(SharedEntityManagerCreator.java:298)
	at com.sun.proxy.$Proxy82.merge(Unknown Source)
	at org.springframework.data.jpa.repository.support.SimpleJpaRepository.save(SimpleJpaRepository.java:511)
	at sun.reflect.GeneratedMethodAccessor84.invoke(Unknown Source)
	at sun.reflect.DelegatingMethodAccessorImpl.invoke(DelegatingMethodAccessorImpl.java:43)
	at java.lang.reflect.Method.invoke(Method.java:483)
	at org.springframework.data.repository.core.support.RepositoryFactorySupport$QueryExecutorMethodInterceptor.executeMethodOn(RepositoryFactorySupport.java:504)
	at org.springframework.data.repository.core.support.RepositoryFactorySupport$QueryExecutorMethodInterceptor.doInvoke(RepositoryFactorySupport.java:489)
	at org.springframework.data.repository.core.support.RepositoryFactorySupport$QueryExecutorMethodInterceptor.invoke(RepositoryFactorySupport.java:461)
	at org.springframework.aop.framework.ReflectiveMethodInvocation.proceed(ReflectiveMethodInvocation.java:179)
	at org.springframework.data.projection.DefaultMethodInvokingMethodInterceptor.invoke(DefaultMethodInvokingMethodInterceptor.java:56)
	at org.springframework.aop.framework.ReflectiveMethodInvocation.proceed(ReflectiveMethodInvocation.java:179)
	at org.springframework.transaction.interceptor.TransactionInterceptor$1.proceedWithInvocation(TransactionInterceptor.java:99)
	at org.springframework.transaction.interceptor.TransactionAspectSupport.invokeWithinTransaction(TransactionAspectSupport.java:282)
	at org.springframework.transaction.interceptor.TransactionInterceptor.invoke(TransactionInterceptor.java:96)
	at org.springframework.aop.framework.ReflectiveMethodInvocation.proceed(ReflectiveMethodInvocation.java:179)
	at org.springframework.dao.support.PersistenceExceptionTranslationInterceptor.invoke(PersistenceExceptionTranslationInterceptor.java:136)
	at org.springframework.aop.framework.ReflectiveMethodInvocation.proceed(ReflectiveMethodInvocation.java:179)
	at org.springframework.data.jpa.repository.support.CrudMethodMetadataPostProcessor$CrudMethodMetadataPopulatingMethodInterceptor.invoke(CrudMethodMetadataPostProcessor.java:133)
	at org.springframework.aop.framework.ReflectiveMethodInvocation.proceed(ReflectiveMethodInvocation.java:179)
	at org.springframework.aop.interceptor.ExposeInvocationInterceptor.invoke(ExposeInvocationInterceptor.java:92)
	at org.springframework.aop.framework.ReflectiveMethodInvocation.proceed(ReflectiveMethodInvocation.java:179)
	at org.springframework.data.repository.core.support.SurroundingTransactionDetectorMethodInterceptor.invoke(SurroundingTransactionDetectorMethodInterceptor.java:57)
	at org.springframework.aop.framework.ReflectiveMethodInvocation.proceed(ReflectiveMethodInvocation.java:179)
	at org.springframework.aop.framework.JdkDynamicAopProxy.invoke(JdkDynamicAopProxy.java:213)
	at com.sun.proxy.$Proxy89.save(Unknown Source)
	at com.neil.survey.controller.SurveyController.sychDb(SurveyController.java:425)
	at sun.reflect.NativeMethodAccessorImpl.invoke0(Native Method)
	at sun.reflect.NativeMethodAccessorImpl.invoke(NativeMethodAccessorImpl.java:62)
	at sun.reflect.DelegatingMethodAccessorImpl.invoke(DelegatingMethodAccessorImpl.java:43)
	at java.lang.reflect.Method.invoke(Method.java:483)
	at org.springframework.web.method.support.InvocableHandlerMethod.doInvoke(InvocableHandlerMethod.java:205)
	at org.springframework.web.method.support.InvocableHandlerMethod.invokeForRequest(InvocableHandlerMethod.java:133)
	at org.springframework.web.servlet.mvc.method.annotation.ServletInvocableHandlerMethod.invokeAndHandle(ServletInvocableHandlerMethod.java:97)
	at org.springframework.web.servlet.mvc.method.annotation.RequestMappingHandlerAdapter.invokeHandlerMethod(RequestMappingHandlerAdapter.java:827)
	at org.springframework.web.servlet.mvc.method.annotation.RequestMappingHandlerAdapter.handleInternal(RequestMappingHandlerAdapter.java:738)
	at org.springframework.web.servlet.mvc.method.AbstractHandlerMethodAdapter.handle(AbstractHandlerMethodAdapter.java:85)
	at org.springframework.web.servlet.DispatcherServlet.doDispatch(DispatcherServlet.java:967)
	at org.springframework.web.servlet.DispatcherServlet.doService(DispatcherServlet.java:901)
	at org.springframework.web.servlet.FrameworkServlet.processRequest(FrameworkServlet.java:970)
	at org.springframework.web.servlet.FrameworkServlet.doGet(FrameworkServlet.java:861)
	at javax.servlet.http.HttpServlet.service(HttpServlet.java:635)
	at org.springframework.web.servlet.FrameworkServlet.service(FrameworkServlet.java:846)
	at javax.servlet.http.HttpServlet.service(HttpServlet.java:742)
	at org.apache.catalina.core.ApplicationFilterChain.internalDoFilter(ApplicationFilterChain.java:231)
	at org.apache.catalina.core.ApplicationFilterChain.doFilter(ApplicationFilterChain.java:166)
	at org.apache.tomcat.websocket.server.WsFilter.doFilter(WsFilter.java:52)
	at org.apache.catalina.core.ApplicationFilterChain.internalDoFilter(ApplicationFilterChain.java:193)
	at org.apache.catalina.core.ApplicationFilterChain.doFilter(ApplicationFilterChain.java:166)
	at org.springframework.orm.jpa.support.OpenEntityManagerInViewFilter.doFilterInternal(OpenEntityManagerInViewFilter.java:178)
	at org.springframework.web.filter.OncePerRequestFilter.doFilter(OncePerRequestFilter.java:107)
	at org.apache.catalina.core.ApplicationFilterChain.internalDoFilter(ApplicationFilterChain.java:193)
	at org.apache.catalina.core.ApplicationFilterChain.doFilter(ApplicationFilterChain.java:166)
	at org.springframework.web.filter.RequestContextFilter.doFilterInternal(RequestContextFilter.java:99)
	at org.springframework.web.filter.OncePerRequestFilter.doFilter(OncePerRequestFilter.java:107)
	at org.apache.catalina.core.ApplicationFilterChain.internalDoFilter(ApplicationFilterChain.java:193)
	at org.apache.catalina.core.ApplicationFilterChain.doFilter(ApplicationFilterChain.java:166)
	at org.springframework.web.filter.HttpPutFormContentFilter.doFilterInternal(HttpPutFormContentFilter.java:108)
	at org.springframework.web.filter.OncePerRequestFilter.doFilter(OncePerRequestFilter.java:107)
	at org.apache.catalina.core.ApplicationFilterChain.internalDoFilter(ApplicationFilterChain.java:193)
	at org.apache.catalina.core.ApplicationFilterChain.doFilter(ApplicationFilterChain.java:166)
	at org.springframework.web.filter.HiddenHttpMethodFilter.doFilterInternal(HiddenHttpMethodFilter.java:81)
	at org.springframework.web.filter.OncePerRequestFilter.doFilter(OncePerRequestFilter.java:107)
	at org.apache.catalina.core.ApplicationFilterChain.internalDoFilter(ApplicationFilterChain.java:193)
	at org.apache.catalina.core.ApplicationFilterChain.doFilter(ApplicationFilterChain.java:166)
	at org.springframework.web.filter.CharacterEncodingFilter.doFilterInternal(CharacterEncodingFilter.java:197)
	at org.springframework.web.filter.OncePerRequestFilter.doFilter(OncePerRequestFilter.java:107)
	at org.apache.catalina.core.ApplicationFilterChain.internalDoFilter(ApplicationFilterChain.java:193)
	at org.apache.catalina.core.ApplicationFilterChain.doFilter(ApplicationFilterChain.java:166)
	at org.apache.catalina.core.StandardWrapperValve.invoke(StandardWrapperValve.java:198)
	at org.apache.catalina.core.StandardContextValve.invoke(StandardContextValve.java:96)
	at org.apache.catalina.authenticator.AuthenticatorBase.invoke(AuthenticatorBase.java:478)
	at org.apache.catalina.core.StandardHostValve.invoke(StandardHostValve.java:140)
	at org.apache.catalina.valves.ErrorReportValve.invoke(ErrorReportValve.java:80)
	at org.apache.catalina.core.StandardEngineValve.invoke(StandardEngineValve.java:87)
	at org.apache.catalina.connector.CoyoteAdapter.service(CoyoteAdapter.java:342)
	at org.apache.coyote.http11.Http11Processor.service(Http11Processor.java:799)
	at org.apache.coyote.AbstractProcessorLight.process(AbstractProcessorLight.java:66)
	at org.apache.coyote.AbstractProtocol$ConnectionHandler.process(AbstractProtocol.java:868)
	at org.apache.tomcat.util.net.NioEndpoint$SocketProcessor.doRun(NioEndpoint.java:1457)
	at org.apache.tomcat.util.net.SocketProcessorBase.run(SocketProcessorBase.java:49)
	at java.util.concurrent.ThreadPoolExecutor.runWorker(ThreadPoolExecutor.java:1142)
	at java.util.concurrent.ThreadPoolExecutor$Worker.run(ThreadPoolExecutor.java:617)
	at org.apache.tomcat.util.threads.TaskThread$WrappingRunnable.run(TaskThread.java:61)
	at java.lang.Thread.run(Thread.java:745)
2018-01-02 17:25:28.128 [main] INFO  com.neil.survey.SurveyApplication -Starting SurveyApplication on DESKTOP-2QOMAIJ with PID 9912 (D:\G_zcm\git\survey\target\classes started by G_zcm in D:\G_zcm\git\survey)
2018-01-02 17:25:28.134 [main] INFO  com.neil.survey.SurveyApplication -No active profile set, falling back to default profiles: default
2018-01-02 17:25:28.178 [main] INFO  o.s.b.c.e.AnnotationConfigEmbeddedWebApplicationContext -Refreshing org.springframework.boot.context.embedded.AnnotationConfigEmbeddedWebApplicationContext@7d898981: startup date [Tue Jan 02 17:25:28 CST 2018]; root of context hierarchy
2018-01-02 17:25:29.822 [main] INFO  o.s.b.c.e.t.TomcatEmbeddedServletContainer -Tomcat initialized with port(s): 8000 (http)
2018-01-02 17:25:29.837 [main] INFO  o.a.catalina.core.StandardService -Starting service [Tomcat]
2018-01-02 17:25:29.838 [main] INFO  o.a.catalina.core.StandardEngine -Starting Servlet Engine: Apache Tomcat/8.5.20
2018-01-02 17:25:29.985 [localhost-startStop-1] INFO  o.a.c.c.C.[Tomcat].[localhost].[/] -Initializing Spring embedded WebApplicationContext
2018-01-02 17:25:29.986 [localhost-startStop-1] INFO  o.s.web.context.ContextLoader -Root WebApplicationContext: initialization completed in 1808 ms
2018-01-02 17:25:30.155 [localhost-startStop-1] INFO  o.s.b.w.s.ServletRegistrationBean -Mapping servlet: 'webServlet' to [/console/*]
2018-01-02 17:25:30.157 [localhost-startStop-1] INFO  o.s.b.w.s.ServletRegistrationBean -Mapping servlet: 'dispatcherServlet' to [/]
2018-01-02 17:25:30.159 [localhost-startStop-1] INFO  o.s.b.w.s.FilterRegistrationBean -Mapping filter: 'characterEncodingFilter' to: [/*]
2018-01-02 17:25:30.160 [localhost-startStop-1] INFO  o.s.b.w.s.FilterRegistrationBean -Mapping filter: 'hiddenHttpMethodFilter' to: [/*]
2018-01-02 17:25:30.160 [localhost-startStop-1] INFO  o.s.b.w.s.FilterRegistrationBean -Mapping filter: 'httpPutFormContentFilter' to: [/*]
2018-01-02 17:25:30.160 [localhost-startStop-1] INFO  o.s.b.w.s.FilterRegistrationBean -Mapping filter: 'requestContextFilter' to: [/*]
2018-01-02 17:25:30.160 [localhost-startStop-1] INFO  o.s.b.w.s.FilterRegistrationBean -Mapping filter: 'openEntityManagerInViewFilter' to urls: [/*]
2018-01-02 17:25:30.177 [localhost-startStop-1] INFO  com.neil.servlet.H2Listener -正在启动h2数据库...
2018-01-02 17:25:30.308 [localhost-startStop-1] INFO  com.neil.servlet.H2Listener -h2数据库启动成功...
2018-01-02 17:25:34.827 [main] INFO  o.s.o.j.LocalContainerEntityManagerFactoryBean -Building JPA container EntityManagerFactory for persistence unit 'default'
2018-01-02 17:25:34.840 [main] INFO  o.h.jpa.internal.util.LogHelper -HHH000204: Processing PersistenceUnitInfo [
	name: default
	...]
2018-01-02 17:25:34.981 [main] INFO  org.hibernate.Version -HHH000412: Hibernate Core {5.0.12.Final}
2018-01-02 17:25:34.983 [main] INFO  org.hibernate.cfg.Environment -HHH000206: hibernate.properties not found
2018-01-02 17:25:34.984 [main] INFO  org.hibernate.cfg.Environment -HHH000021: Bytecode provider name : javassist
2018-01-02 17:25:35.018 [main] INFO  o.h.annotations.common.Version -HCANN000001: Hibernate Commons Annotations {5.0.1.Final}
2018-01-02 17:25:35.144 [main] INFO  org.hibernate.dialect.Dialect -HHH000400: Using dialect: org.hibernate.dialect.H2Dialect
2018-01-02 17:25:35.344 [main] WARN  org.hibernate.id.UUIDHexGenerator -HHH000409: Using org.hibernate.id.UUIDHexGenerator which does not generate IETF RFC 4122 compliant UUID values; consider using org.hibernate.id.UUIDGenerator instead
2018-01-02 17:25:35.373 [main] WARN  org.hibernate.mapping.RootClass -HHH000038: Composite-id class does not override equals(): com.neil.survey.module.BrandImage
2018-01-02 17:25:35.373 [main] WARN  org.hibernate.mapping.RootClass -HHH000039: Composite-id class does not override hashCode(): com.neil.survey.module.BrandImage
2018-01-02 17:25:35.373 [main] WARN  org.hibernate.mapping.RootClass -HHH000038: Composite-id class does not override equals(): com.neil.survey.module.AnswerBrand
2018-01-02 17:25:35.374 [main] WARN  org.hibernate.mapping.RootClass -HHH000039: Composite-id class does not override hashCode(): com.neil.survey.module.AnswerBrand
2018-01-02 17:25:35.374 [main] WARN  org.hibernate.mapping.RootClass -HHH000038: Composite-id class does not override equals(): com.neil.survey.module.SurveyImage
2018-01-02 17:25:35.374 [main] WARN  org.hibernate.mapping.RootClass -HHH000039: Composite-id class does not override hashCode(): com.neil.survey.module.SurveyImage
2018-01-02 17:25:35.374 [main] WARN  org.hibernate.mapping.RootClass -HHH000038: Composite-id class does not override equals(): com.neil.survey.module.AnswerImage
2018-01-02 17:25:35.374 [main] WARN  org.hibernate.mapping.RootClass -HHH000039: Composite-id class does not override hashCode(): com.neil.survey.module.AnswerImage
2018-01-02 17:25:35.375 [main] WARN  org.hibernate.mapping.RootClass -HHH000038: Composite-id class does not override equals(): com.neil.survey.module.SurveyBrand
2018-01-02 17:25:35.375 [main] WARN  org.hibernate.mapping.RootClass -HHH000039: Composite-id class does not override hashCode(): com.neil.survey.module.SurveyBrand
2018-01-02 17:25:35.656 [main] INFO  o.h.tool.hbm2ddl.SchemaUpdate -HHH000228: Running hbm2ddl schema update
2018-01-02 17:25:35.783 [main] INFO  o.s.o.j.LocalContainerEntityManagerFactoryBean -Initialized JPA EntityManagerFactory for persistence unit 'default'
2018-01-02 17:25:36.626 [main] INFO  o.s.w.s.m.m.a.RequestMappingHandlerAdapter -Looking for @ControllerAdvice: org.springframework.boot.context.embedded.AnnotationConfigEmbeddedWebApplicationContext@7d898981: startup date [Tue Jan 02 17:25:28 CST 2018]; root of context hierarchy
2018-01-02 17:25:36.723 [main] INFO  o.s.w.s.m.m.a.RequestMappingHandlerMapping -Mapped "{[/api/answerService/deleteAnswer],methods=[DELETE]}" onto public com.neil.survey.util.RestResponseEntity<java.lang.Void> com.neil.survey.controller.AnswerController.deleteAnswer(com.neil.survey.module.Answer)
2018-01-02 17:25:36.725 [main] INFO  o.s.w.s.m.m.a.RequestMappingHandlerMapping -Mapped "{[/api/answerService/getAllAnswerList],methods=[GET]}" onto public com.neil.survey.util.RestResponseEntity<java.util.List<com.neil.survey.module.Answer>> com.neil.survey.controller.AnswerController.listSurvey(com.neil.survey.util.PageEntity,java.lang.String)
2018-01-02 17:25:36.726 [main] INFO  o.s.w.s.m.m.a.RequestMappingHandlerMapping -Mapped "{[/api/answerService/addAnswer],methods=[POST]}" onto public com.neil.survey.util.RestResponseEntity<java.lang.Void> com.neil.survey.controller.AnswerController.addAnswer(com.neil.survey.module.Answer)
2018-01-02 17:25:36.727 [main] INFO  o.s.w.s.m.m.a.RequestMappingHandlerMapping -Mapped "{[/api/answerService/updateAnswer],methods=[POST]}" onto public com.neil.survey.util.RestResponseEntity<java.lang.Void> com.neil.survey.controller.AnswerController.updateAnswer(com.neil.survey.module.Answer)
2018-01-02 17:25:36.730 [main] INFO  o.s.w.s.m.m.a.RequestMappingHandlerMapping -Mapped "{[/api/brandService/addBrand],methods=[POST]}" onto public com.neil.survey.util.RestResponseEntity<java.lang.Void> com.neil.survey.controller.BrandController.addBrand(com.neil.survey.module.Brand)
2018-01-02 17:25:36.731 [main] INFO  o.s.w.s.m.m.a.RequestMappingHandlerMapping -Mapped "{[/api/brandService/updateBrand],methods=[POST]}" onto public com.neil.survey.util.RestResponseEntity<java.lang.Void> com.neil.survey.controller.BrandController.updateBrand(com.neil.survey.module.Brand)
2018-01-02 17:25:36.732 [main] INFO  o.s.w.s.m.m.a.RequestMappingHandlerMapping -Mapped "{[/api/brandService/getAllBrands],methods=[GET]}" onto public com.neil.survey.util.RestResponseEntity<java.util.List<com.neil.survey.module.Brand>> com.neil.survey.controller.BrandController.getAllBrands(com.neil.survey.util.PageEntity)
2018-01-02 17:25:36.733 [main] INFO  o.s.w.s.m.m.a.RequestMappingHandlerMapping -Mapped "{[/api/brandService/deleteBrand],methods=[DELETE]}" onto public com.neil.survey.util.RestResponseEntity<java.lang.Void> com.neil.survey.controller.BrandController.deleteCreator(com.neil.survey.module.Brand)
2018-01-02 17:25:36.735 [main] INFO  o.s.w.s.m.m.a.RequestMappingHandlerMapping -Mapped "{[/api/creatorService/getAllCreatorList],methods=[GET]}" onto public com.neil.survey.util.RestResponseEntity<java.util.List<com.neil.survey.module.Creator>> com.neil.survey.controller.CreatorController.getAllCreatorList(com.neil.survey.util.PageEntity,java.lang.String)
2018-01-02 17:25:36.736 [main] INFO  o.s.w.s.m.m.a.RequestMappingHandlerMapping -Mapped "{[/api/creatorService/addCreator],methods=[POST]}" onto public com.neil.survey.util.RestResponseEntity<java.lang.Void> com.neil.survey.controller.CreatorController.addCreator(com.neil.survey.module.Creator)
2018-01-02 17:25:36.736 [main] INFO  o.s.w.s.m.m.a.RequestMappingHandlerMapping -Mapped "{[/api/creatorService/listSurvey],methods=[GET]}" onto public com.neil.survey.util.RestResponseEntity<java.util.List<com.neil.survey.module.Survey>> com.neil.survey.controller.CreatorController.listSurvey(com.neil.survey.util.PageEntity,java.lang.String)
2018-01-02 17:25:36.737 [main] INFO  o.s.w.s.m.m.a.RequestMappingHandlerMapping -Mapped "{[/api/creatorService/deleteCreator],methods=[DELETE]}" onto public com.neil.survey.util.RestResponseEntity<java.lang.Void> com.neil.survey.controller.CreatorController.deleteCreator(com.neil.survey.module.Creator)
2018-01-02 17:25:36.743 [main] INFO  o.s.w.s.m.m.a.RequestMappingHandlerMapping -Mapped "{[/api/imageService/getProductImagesByBrandId],methods=[GET]}" onto public com.neil.survey.util.RestResponseEntity<java.util.List<com.neil.survey.module.Image>> com.neil.survey.controller.ImageController.getProductImagesByBrandId(java.lang.String)
2018-01-02 17:25:36.743 [main] INFO  o.s.w.s.m.m.a.RequestMappingHandlerMapping -Mapped "{[/api/imageService/getDetailImagesByParentId],methods=[GET]}" onto public com.neil.survey.util.RestResponseEntity<java.util.List<com.neil.survey.module.Image>> com.neil.survey.controller.ImageController.getDetailImagesByParentId(java.lang.String)
2018-01-02 17:25:36.744 [main] INFO  o.s.w.s.m.m.a.RequestMappingHandlerMapping -Mapped "{[/api/imageService/getAllImages],methods=[GET]}" onto public com.neil.survey.util.RestResponseEntity<java.util.List<com.neil.survey.module.Image>> com.neil.survey.controller.ImageController.getAllImages(com.neil.survey.util.PageEntity,java.lang.String)
2018-01-02 17:25:36.744 [main] INFO  o.s.w.s.m.m.a.RequestMappingHandlerMapping -Mapped "{[/api/imageService/deleteImage],methods=[DELETE]}" onto public com.neil.survey.util.RestResponseEntity<java.lang.Void> com.neil.survey.controller.ImageController.deleteCreator(com.neil.survey.module.Image)
2018-01-02 17:25:36.745 [main] INFO  o.s.w.s.m.m.a.RequestMappingHandlerMapping -Mapped "{[/api/imageService/uploadImage],methods=[POST]}" onto public com.neil.survey.util.RestResponseEntity<java.lang.Void> com.neil.survey.controller.ImageController.handleFileUpload(javax.servlet.http.HttpServletRequest)
2018-01-02 17:25:36.746 [main] INFO  o.s.w.s.m.m.a.RequestMappingHandlerMapping -Mapped "{[/api/imageService/updateImage],methods=[POST]}" onto public com.neil.survey.util.RestResponseEntity<java.lang.Void> com.neil.survey.controller.ImageController.updateImage(com.neil.survey.module.Image)
2018-01-02 17:25:36.748 [main] INFO  o.s.w.s.m.m.a.RequestMappingHandlerMapping -Mapped "{[/api/surveyService/addSurvey],methods=[POST]}" onto public com.neil.survey.util.RestResponseEntity<java.lang.Void> com.neil.survey.controller.SurveyController.addSurvey(com.neil.survey.module.Survey)
2018-01-02 17:25:36.749 [main] INFO  o.s.w.s.m.m.a.RequestMappingHandlerMapping -Mapped "{[/api/surveyService/deleteSurvey],methods=[POST]}" onto public com.neil.survey.util.RestResponseEntity<java.lang.Void> com.neil.survey.controller.SurveyController.deleteSurvey(com.neil.survey.module.Survey)
2018-01-02 17:25:36.750 [main] INFO  o.s.w.s.m.m.a.RequestMappingHandlerMapping -Mapped "{[/api/surveyService/getSurveyDetail],methods=[GET]}" onto public com.neil.survey.util.RestResponseEntity<com.neil.survey.module.Survey> com.neil.survey.controller.SurveyController.getSurveyDetail(java.lang.String)
2018-01-02 17:25:36.750 [main] INFO  o.s.w.s.m.m.a.RequestMappingHandlerMapping -Mapped "{[/api/surveyService/closeOpenSurvey],methods=[POST]}" onto public com.neil.survey.util.RestResponseEntity<java.lang.Void> com.neil.survey.controller.SurveyController.closeOpenSurvey(com.neil.survey.module.Survey)
2018-01-02 17:25:36.751 [main] INFO  o.s.w.s.m.m.a.RequestMappingHandlerMapping -Mapped "{[/api/surveyService/copySurvey],methods=[GET]}" onto public com.neil.survey.util.RestResponseEntity<com.neil.survey.module.Survey> com.neil.survey.controller.SurveyController.copySurvey(java.lang.String)
2018-01-02 17:25:36.751 [main] INFO  o.s.w.s.m.m.a.RequestMappingHandlerMapping -Mapped "{[/api/surveyService/updateSurvey],methods=[POST]}" onto public com.neil.survey.util.RestResponseEntity<java.lang.Void> com.neil.survey.controller.SurveyController.updateSurvey(com.neil.survey.module.Survey)
2018-01-02 17:25:36.751 [main] INFO  o.s.w.s.m.m.a.RequestMappingHandlerMapping -Mapped "{[/api/surveyService/getQRcode],methods=[GET]}" onto public org.springframework.http.ResponseEntity<byte[]> com.neil.survey.controller.SurveyController.getQRcode(java.lang.String) throws com.google.zxing.WriterException,java.io.IOException
2018-01-02 17:25:36.752 [main] INFO  o.s.w.s.m.m.a.RequestMappingHandlerMapping -Mapped "{[/api/surveyService/getSurveyResult],methods=[GET]}" onto public com.neil.survey.util.RestResponseEntity<java.util.List<com.neil.survey.module.ImageCount>> com.neil.survey.controller.SurveyController.getSurveyResult(java.lang.String,java.lang.String)
2018-01-02 17:25:36.752 [main] INFO  o.s.w.s.m.m.a.RequestMappingHandlerMapping -Mapped "{[/api/surveyService/sychDb],methods=[GET]}" onto public com.neil.survey.util.RestResponseEntity<java.lang.Void> com.neil.survey.controller.SurveyController.sychDb() throws java.io.IOException
2018-01-02 17:25:36.753 [main] INFO  o.s.w.s.m.m.a.RequestMappingHandlerMapping -Mapped "{[/api/surveyService/getAllSurveys],methods=[GET]}" onto public com.neil.survey.util.RestResponseEntity<java.util.List<com.neil.survey.module.Survey>> com.neil.survey.controller.SurveyController.getAllSurveys(com.neil.survey.util.PageEntity)
2018-01-02 17:25:36.755 [main] INFO  o.s.w.s.m.m.a.RequestMappingHandlerMapping -Mapped "{[/error]}" onto public org.springframework.http.ResponseEntity<java.util.Map<java.lang.String, java.lang.Object>> org.springframework.boot.autoconfigure.web.BasicErrorController.error(javax.servlet.http.HttpServletRequest)
2018-01-02 17:25:36.755 [main] INFO  o.s.w.s.m.m.a.RequestMappingHandlerMapping -Mapped "{[/error],produces=[text/html]}" onto public org.springframework.web.servlet.ModelAndView org.springframework.boot.autoconfigure.web.BasicErrorController.errorHtml(javax.servlet.http.HttpServletRequest,javax.servlet.http.HttpServletResponse)
2018-01-02 17:25:36.817 [main] INFO  o.s.w.s.h.SimpleUrlHandlerMapping -Mapped URL path [/webjars/**] onto handler of type [class org.springframework.web.servlet.resource.ResourceHttpRequestHandler]
2018-01-02 17:25:36.818 [main] INFO  o.s.w.s.h.SimpleUrlHandlerMapping -Mapped URL path [/static/**] onto handler of type [class org.springframework.web.servlet.resource.ResourceHttpRequestHandler]
2018-01-02 17:25:36.894 [main] INFO  o.s.w.s.h.SimpleUrlHandlerMapping -Mapped URL path [/**/favicon.ico] onto handler of type [class org.springframework.web.servlet.resource.ResourceHttpRequestHandler]
2018-01-02 17:25:37.454 [main] INFO  o.s.j.e.a.AnnotationMBeanExporter -Registering beans for JMX exposure on startup
2018-01-02 17:25:37.522 [main] INFO  o.s.b.c.e.t.TomcatEmbeddedServletContainer -Tomcat started on port(s): 8000 (http)
2018-01-02 17:25:37.528 [main] INFO  com.neil.survey.SurveyApplication -Started SurveyApplication in 9.742 seconds (JVM running for 12.385)
2018-01-02 17:25:53.280 [http-nio-8000-exec-1] INFO  o.a.c.c.C.[Tomcat].[localhost].[/] -Initializing Spring FrameworkServlet 'dispatcherServlet'
2018-01-02 17:25:53.280 [http-nio-8000-exec-1] INFO  o.s.web.servlet.DispatcherServlet -FrameworkServlet 'dispatcherServlet': initialization started
2018-01-02 17:25:53.298 [http-nio-8000-exec-1] INFO  o.s.web.servlet.DispatcherServlet -FrameworkServlet 'dispatcherServlet': initialization completed in 18 ms
2018-01-02 17:27:07.722 [http-nio-8000-exec-1] INFO  c.n.s.controller.SurveyController -sub area is null.
2018-01-02 17:27:07.722 [http-nio-8000-exec-1] INFO  c.n.s.controller.SurveyController -sub area is null.
2018-01-02 17:27:07.817 [http-nio-8000-exec-1] INFO  c.n.s.controller.SurveyController -sub area is null.
2018-01-02 17:27:07.818 [http-nio-8000-exec-1] INFO  c.n.s.controller.SurveyController -sub area is null.
2018-01-02 17:27:07.972 [http-nio-8000-exec-1] INFO  c.n.s.controller.SurveyController -sub area is null.
2018-01-02 17:27:07.972 [http-nio-8000-exec-1] INFO  c.n.s.controller.SurveyController -sub area is null.
2018-01-02 17:27:07.972 [http-nio-8000-exec-1] INFO  c.n.s.controller.SurveyController -sub area is null.
2018-01-02 17:27:07.972 [http-nio-8000-exec-1] INFO  c.n.s.controller.SurveyController -sub area is null.
2018-01-02 17:27:07.972 [http-nio-8000-exec-1] INFO  c.n.s.controller.SurveyController -sub area is null.
2018-01-02 17:27:07.972 [http-nio-8000-exec-1] INFO  c.n.s.controller.SurveyController -sub area is null.
