2018-01-10 11:46:40.160  INFO 3066 --- [main] com.neil.survey.SurveyApplication        : Starting SurveyApplication on xavierdeMacBook-Pro.local with PID 3066 (started by xavieryuan in /Users/xavieryuan/OneDrive/projects/2017装备看板/IDSurvey)
2018-01-10 11:46:40.167  INFO 3066 --- [main] com.neil.survey.SurveyApplication        : No active profile set, falling back to default profiles: default
2018-01-10 11:46:40.381  INFO 3066 --- [main] ationConfigEmbeddedWebApplicationContext : Refreshing org.springframework.boot.context.embedded.AnnotationConfigEmbeddedWebApplicationContext@1139b2f3: startup date [Wed Jan 10 11:46:40 CST 2018]; root of context hierarchy
2018-01-10 11:46:42.292  INFO 3066 --- [main] s.b.c.e.t.TomcatEmbeddedServletContainer : Tomcat initialized with port(s): 8000 (http)
2018-01-10 11:46:42.308  INFO 3066 --- [main] o.apache.catalina.core.StandardService   : Starting service [Tomcat]
2018-01-10 11:46:42.310  INFO 3066 --- [main] org.apache.catalina.core.StandardEngine  : Starting Servlet Engine: Apache Tomcat/8.5.20
2018-01-10 11:46:42.456  INFO 3066 --- [localhost-startStop-1] o.a.c.c.C.[Tomcat].[localhost].[/]       : Initializing Spring embedded WebApplicationContext
2018-01-10 11:46:42.458  INFO 3066 --- [localhost-startStop-1] o.s.web.context.ContextLoader            : Root WebApplicationContext: initialization completed in 2078 ms
2018-01-10 11:46:42.710  INFO 3066 --- [localhost-startStop-1] o.s.b.w.servlet.ServletRegistrationBean  : Mapping servlet: 'webServlet' to [/console/*]
2018-01-10 11:46:42.713  INFO 3066 --- [localhost-startStop-1] o.s.b.w.servlet.ServletRegistrationBean  : Mapping servlet: 'dispatcherServlet' to [/]
2018-01-10 11:46:42.718  INFO 3066 --- [localhost-startStop-1] o.s.b.w.servlet.FilterRegistrationBean   : Mapping filter: 'characterEncodingFilter' to: [/*]
2018-01-10 11:46:42.719  INFO 3066 --- [localhost-startStop-1] o.s.b.w.servlet.FilterRegistrationBean   : Mapping filter: 'hiddenHttpMethodFilter' to: [/*]
2018-01-10 11:46:42.720  INFO 3066 --- [localhost-startStop-1] o.s.b.w.servlet.FilterRegistrationBean   : Mapping filter: 'httpPutFormContentFilter' to: [/*]
2018-01-10 11:46:42.720  INFO 3066 --- [localhost-startStop-1] o.s.b.w.servlet.FilterRegistrationBean   : Mapping filter: 'requestContextFilter' to: [/*]
2018-01-10 11:46:42.720  INFO 3066 --- [localhost-startStop-1] o.s.b.w.servlet.FilterRegistrationBean   : Mapping filter: 'openEntityManagerInViewFilter' to urls: [/*]
2018-01-10 11:46:42.739  INFO 3066 --- [localhost-startStop-1] com.neil.servlet.H2Listener              : 正在启动h2数据库...
2018-01-10 11:46:42.886  INFO 3066 --- [localhost-startStop-1] com.neil.servlet.H2Listener              : h2数据库启动成功...
2018-01-10 11:46:43.609  INFO 3066 --- [main] j.LocalContainerEntityManagerFactoryBean : Building JPA container EntityManagerFactory for persistence unit 'default'
2018-01-10 11:46:43.622  INFO 3066 --- [main] o.hibernate.jpa.internal.util.LogHelper  : HHH000204: Processing PersistenceUnitInfo [
	name: default
	...]
2018-01-10 11:46:43.748  INFO 3066 --- [main] org.hibernate.Version                    : HHH000412: Hibernate Core {5.0.12.Final}
2018-01-10 11:46:43.756  INFO 3066 --- [main] org.hibernate.cfg.Environment            : HHH000206: hibernate.properties not found
2018-01-10 11:46:43.759  INFO 3066 --- [main] org.hibernate.cfg.Environment            : HHH000021: Bytecode provider name : javassist
2018-01-10 11:46:43.834  INFO 3066 --- [main] o.hibernate.annotations.common.Version   : HCANN000001: Hibernate Commons Annotations {5.0.1.Final}
2018-01-10 11:46:43.997  INFO 3066 --- [main] org.hibernate.dialect.Dialect            : HHH000400: Using dialect: org.hibernate.dialect.H2Dialect
2018-01-10 11:46:44.245  WARN 3066 --- [main] org.hibernate.id.UUIDHexGenerator        : HHH000409: Using org.hibernate.id.UUIDHexGenerator which does not generate IETF RFC 4122 compliant UUID values; consider using org.hibernate.id.UUIDGenerator instead
2018-01-10 11:46:44.286  WARN 3066 --- [main] org.hibernate.mapping.RootClass          : HHH000038: Composite-id class does not override equals(): com.neil.survey.module.BrandImage
2018-01-10 11:46:44.286  WARN 3066 --- [main] org.hibernate.mapping.RootClass          : HHH000039: Composite-id class does not override hashCode(): com.neil.survey.module.BrandImage
2018-01-10 11:46:44.287  WARN 3066 --- [main] org.hibernate.mapping.RootClass          : HHH000038: Composite-id class does not override equals(): com.neil.survey.module.AnswerBrand
2018-01-10 11:46:44.287  WARN 3066 --- [main] org.hibernate.mapping.RootClass          : HHH000039: Composite-id class does not override hashCode(): com.neil.survey.module.AnswerBrand
2018-01-10 11:46:44.287  WARN 3066 --- [main] org.hibernate.mapping.RootClass          : HHH000038: Composite-id class does not override equals(): com.neil.survey.module.SurveyImage
2018-01-10 11:46:44.288  WARN 3066 --- [main] org.hibernate.mapping.RootClass          : HHH000039: Composite-id class does not override hashCode(): com.neil.survey.module.SurveyImage
2018-01-10 11:46:44.288  WARN 3066 --- [main] org.hibernate.mapping.RootClass          : HHH000038: Composite-id class does not override equals(): com.neil.survey.module.AnswerImage
2018-01-10 11:46:44.288  WARN 3066 --- [main] org.hibernate.mapping.RootClass          : HHH000039: Composite-id class does not override hashCode(): com.neil.survey.module.AnswerImage
2018-01-10 11:46:44.289  WARN 3066 --- [main] org.hibernate.mapping.RootClass          : HHH000038: Composite-id class does not override equals(): com.neil.survey.module.SurveyBrand
2018-01-10 11:46:44.289  WARN 3066 --- [main] org.hibernate.mapping.RootClass          : HHH000039: Composite-id class does not override hashCode(): com.neil.survey.module.SurveyBrand
2018-01-10 11:46:44.732  INFO 3066 --- [main] org.hibernate.tool.hbm2ddl.SchemaUpdate  : HHH000228: Running hbm2ddl schema update
2018-01-10 11:46:44.886  INFO 3066 --- [main] j.LocalContainerEntityManagerFactoryBean : Initialized JPA EntityManagerFactory for persistence unit 'default'
2018-01-10 11:46:45.578  INFO 3066 --- [main] s.w.s.m.m.a.RequestMappingHandlerAdapter : Looking for @ControllerAdvice: org.springframework.boot.context.embedded.AnnotationConfigEmbeddedWebApplicationContext@1139b2f3: startup date [Wed Jan 10 11:46:40 CST 2018]; root of context hierarchy
2018-01-10 11:46:45.639  INFO 3066 --- [main] s.w.s.m.m.a.RequestMappingHandlerMapping : Mapped "{[/api/answerService/getAllAnswerList],methods=[GET]}" onto public com.neil.survey.util.RestResponseEntity<java.util.List<com.neil.survey.module.Answer>> com.neil.survey.controller.AnswerController.listSurvey(com.neil.survey.util.PageEntity,java.lang.String)
2018-01-10 11:46:45.640  INFO 3066 --- [main] s.w.s.m.m.a.RequestMappingHandlerMapping : Mapped "{[/api/answerService/addAnswer],methods=[POST]}" onto public com.neil.survey.util.RestResponseEntity<java.lang.Void> com.neil.survey.controller.AnswerController.addAnswer(com.neil.survey.module.Answer)
2018-01-10 11:46:45.641  INFO 3066 --- [main] s.w.s.m.m.a.RequestMappingHandlerMapping : Mapped "{[/api/answerService/updateAnswer],methods=[POST]}" onto public com.neil.survey.util.RestResponseEntity<java.lang.Void> com.neil.survey.controller.AnswerController.updateAnswer(com.neil.survey.module.Answer)
2018-01-10 11:46:45.642  INFO 3066 --- [main] s.w.s.m.m.a.RequestMappingHandlerMapping : Mapped "{[/api/answerService/deleteAnswer],methods=[DELETE]}" onto public com.neil.survey.util.RestResponseEntity<java.lang.Void> com.neil.survey.controller.AnswerController.deleteAnswer(com.neil.survey.module.Answer)
2018-01-10 11:46:45.648  INFO 3066 --- [main] s.w.s.m.m.a.RequestMappingHandlerMapping : Mapped "{[/api/brandService/getAllBrands],methods=[GET]}" onto public com.neil.survey.util.RestResponseEntity<java.util.List<com.neil.survey.module.Brand>> com.neil.survey.controller.BrandController.getAllBrands(com.neil.survey.util.PageEntity)
2018-01-10 11:46:45.648  INFO 3066 --- [main] s.w.s.m.m.a.RequestMappingHandlerMapping : Mapped "{[/api/brandService/addBrand],methods=[POST]}" onto public com.neil.survey.util.RestResponseEntity<java.lang.Void> com.neil.survey.controller.BrandController.addBrand(com.neil.survey.module.Brand)
2018-01-10 11:46:45.652  INFO 3066 --- [main] s.w.s.m.m.a.RequestMappingHandlerMapping : Mapped "{[/api/brandService/updateBrand],methods=[POST]}" onto public com.neil.survey.util.RestResponseEntity<java.lang.Void> com.neil.survey.controller.BrandController.updateBrand(com.neil.survey.module.Brand)
2018-01-10 11:46:45.654  INFO 3066 --- [main] s.w.s.m.m.a.RequestMappingHandlerMapping : Mapped "{[/api/brandService/deleteBrand],methods=[DELETE]}" onto public com.neil.survey.util.RestResponseEntity<java.lang.Void> com.neil.survey.controller.BrandController.deleteCreator(com.neil.survey.module.Brand)
2018-01-10 11:46:45.658  INFO 3066 --- [main] s.w.s.m.m.a.RequestMappingHandlerMapping : Mapped "{[/api/creatorService/listSurvey],methods=[GET]}" onto public com.neil.survey.util.RestResponseEntity<java.util.List<com.neil.survey.module.Survey>> com.neil.survey.controller.CreatorController.listSurvey(com.neil.survey.util.PageEntity,java.lang.String)
2018-01-10 11:46:45.659  INFO 3066 --- [main] s.w.s.m.m.a.RequestMappingHandlerMapping : Mapped "{[/api/creatorService/deleteCreator],methods=[DELETE]}" onto public com.neil.survey.util.RestResponseEntity<java.lang.Void> com.neil.survey.controller.CreatorController.deleteCreator(com.neil.survey.module.Creator)
2018-01-10 11:46:45.659  INFO 3066 --- [main] s.w.s.m.m.a.RequestMappingHandlerMapping : Mapped "{[/api/creatorService/getAllCreatorList],methods=[GET]}" onto public com.neil.survey.util.RestResponseEntity<java.util.List<com.neil.survey.module.Creator>> com.neil.survey.controller.CreatorController.getAllCreatorList(com.neil.survey.util.PageEntity,java.lang.String)
2018-01-10 11:46:45.660  INFO 3066 --- [main] s.w.s.m.m.a.RequestMappingHandlerMapping : Mapped "{[/api/creatorService/addCreator],methods=[POST]}" onto public com.neil.survey.util.RestResponseEntity<java.lang.Void> com.neil.survey.controller.CreatorController.addCreator(com.neil.survey.module.Creator)
2018-01-10 11:46:45.665  INFO 3066 --- [main] s.w.s.m.m.a.RequestMappingHandlerMapping : Mapped "{[/api/imageService/deleteImage],methods=[DELETE]}" onto public com.neil.survey.util.RestResponseEntity<java.lang.Void> com.neil.survey.controller.ImageController.deleteCreator(com.neil.survey.module.Image)
2018-01-10 11:46:45.666  INFO 3066 --- [main] s.w.s.m.m.a.RequestMappingHandlerMapping : Mapped "{[/api/imageService/getAllImages],methods=[GET]}" onto public com.neil.survey.util.RestResponseEntity<java.util.List<com.neil.survey.module.Image>> com.neil.survey.controller.ImageController.getAllImages(com.neil.survey.util.PageEntity,java.lang.String)
2018-01-10 11:46:45.667  INFO 3066 --- [main] s.w.s.m.m.a.RequestMappingHandlerMapping : Mapped "{[/api/imageService/getProductImagesByBrandId],methods=[GET]}" onto public com.neil.survey.util.RestResponseEntity<java.util.List<com.neil.survey.module.Image>> com.neil.survey.controller.ImageController.getProductImagesByBrandId(java.lang.String)
2018-01-10 11:46:45.668  INFO 3066 --- [main] s.w.s.m.m.a.RequestMappingHandlerMapping : Mapped "{[/api/imageService/getDetailImagesByParentId],methods=[GET]}" onto public com.neil.survey.util.RestResponseEntity<java.util.List<com.neil.survey.module.Image>> com.neil.survey.controller.ImageController.getDetailImagesByParentId(java.lang.String)
2018-01-10 11:46:45.668  INFO 3066 --- [main] s.w.s.m.m.a.RequestMappingHandlerMapping : Mapped "{[/api/imageService/uploadImage],methods=[POST]}" onto public com.neil.survey.util.RestResponseEntity<java.lang.Void> com.neil.survey.controller.ImageController.handleFileUpload(javax.servlet.http.HttpServletRequest)
2018-01-10 11:46:45.669  INFO 3066 --- [main] s.w.s.m.m.a.RequestMappingHandlerMapping : Mapped "{[/api/imageService/updateImage],methods=[POST]}" onto public com.neil.survey.util.RestResponseEntity<java.lang.Void> com.neil.survey.controller.ImageController.updateImage(com.neil.survey.module.Image)
2018-01-10 11:46:45.670  INFO 3066 --- [main] s.w.s.m.m.a.RequestMappingHandlerMapping : Mapped "{[/api/imageService/geneProfileImage],methods=[POST]}" onto public com.neil.survey.util.RestResponseEntity<java.lang.String> com.neil.survey.controller.ImageController.geneProfileImage(com.neil.survey.module.ProfileCombine) throws java.io.IOException,org.apache.batik.transcoder.TranscoderException
2018-01-10 11:46:45.671  INFO 3066 --- [main] s.w.s.m.m.a.RequestMappingHandlerMapping : Mapped "{[/api/imageService/getCartoonWholeImage],methods=[GET]}" onto public com.neil.survey.util.RestResponseEntity<java.util.List<com.neil.survey.module.Image>> com.neil.survey.controller.ImageController.getCartoonWholeImage(java.lang.String)
2018-01-10 11:46:45.672  INFO 3066 --- [main] s.w.s.m.m.a.RequestMappingHandlerMapping : Mapped "{[/api/imageService/getCartoonReplaceImage],methods=[POST]}" onto public com.neil.survey.util.RestResponseEntity<java.util.List<com.neil.survey.module.Image>> com.neil.survey.controller.ImageController.getCartoonReplaceImage(com.neil.survey.module.ImageReplaceParam)
2018-01-10 11:46:45.674  INFO 3066 --- [main] s.w.s.m.m.a.RequestMappingHandlerMapping : Mapped "{[/api/surveyService/getAllSurveys],methods=[GET]}" onto public com.neil.survey.util.RestResponseEntity<java.util.List<com.neil.survey.module.Survey>> com.neil.survey.controller.SurveyController.getAllSurveys(com.neil.survey.util.PageEntity)
2018-01-10 11:46:45.675  INFO 3066 --- [main] s.w.s.m.m.a.RequestMappingHandlerMapping : Mapped "{[/api/surveyService/addSurvey],methods=[POST]}" onto public com.neil.survey.util.RestResponseEntity<java.lang.Void> com.neil.survey.controller.SurveyController.addSurvey(com.neil.survey.module.Survey)
2018-01-10 11:46:45.675  INFO 3066 --- [main] s.w.s.m.m.a.RequestMappingHandlerMapping : Mapped "{[/api/surveyService/deleteSurvey],methods=[POST]}" onto public com.neil.survey.util.RestResponseEntity<java.lang.Void> com.neil.survey.controller.SurveyController.deleteSurvey(com.neil.survey.module.Survey)
2018-01-10 11:46:45.675  INFO 3066 --- [main] s.w.s.m.m.a.RequestMappingHandlerMapping : Mapped "{[/api/surveyService/closeOpenSurvey],methods=[POST]}" onto public com.neil.survey.util.RestResponseEntity<java.lang.Void> com.neil.survey.controller.SurveyController.closeOpenSurvey(com.neil.survey.module.Survey)
2018-01-10 11:46:45.676  INFO 3066 --- [main] s.w.s.m.m.a.RequestMappingHandlerMapping : Mapped "{[/api/surveyService/updateSurvey],methods=[POST]}" onto public com.neil.survey.util.RestResponseEntity<java.lang.Void> com.neil.survey.controller.SurveyController.updateSurvey(com.neil.survey.module.Survey)
2018-01-10 11:46:45.676  INFO 3066 --- [main] s.w.s.m.m.a.RequestMappingHandlerMapping : Mapped "{[/api/surveyService/getSurveyDetail],methods=[GET]}" onto public com.neil.survey.util.RestResponseEntity<com.neil.survey.module.Survey> com.neil.survey.controller.SurveyController.getSurveyDetail(java.lang.String)
2018-01-10 11:46:45.676  INFO 3066 --- [main] s.w.s.m.m.a.RequestMappingHandlerMapping : Mapped "{[/api/surveyService/copySurvey],methods=[GET]}" onto public com.neil.survey.util.RestResponseEntity<com.neil.survey.module.Survey> com.neil.survey.controller.SurveyController.copySurvey(java.lang.String)
2018-01-10 11:46:45.677  INFO 3066 --- [main] s.w.s.m.m.a.RequestMappingHandlerMapping : Mapped "{[/api/surveyService/getSurveyResult],methods=[GET]}" onto public com.neil.survey.util.RestResponseEntity<java.util.List<com.neil.survey.module.ImageCount>> com.neil.survey.controller.SurveyController.getSurveyResult(java.lang.String,java.lang.String)
2018-01-10 11:46:45.677  INFO 3066 --- [main] s.w.s.m.m.a.RequestMappingHandlerMapping : Mapped "{[/api/surveyService/getQRcode],methods=[GET]}" onto public org.springframework.http.ResponseEntity<byte[]> com.neil.survey.controller.SurveyController.getQRcode(java.lang.String) throws com.google.zxing.WriterException,java.io.IOException
2018-01-10 11:46:45.677  INFO 3066 --- [main] s.w.s.m.m.a.RequestMappingHandlerMapping : Mapped "{[/api/surveyService/sychDb],methods=[GET]}" onto public com.neil.survey.util.RestResponseEntity<java.lang.Void> com.neil.survey.controller.SurveyController.sychDb() throws java.io.IOException
2018-01-10 11:46:45.679  INFO 3066 --- [main] s.w.s.m.m.a.RequestMappingHandlerMapping : Mapped "{[/error]}" onto public org.springframework.http.ResponseEntity<java.util.Map<java.lang.String, java.lang.Object>> org.springframework.boot.autoconfigure.web.BasicErrorController.error(javax.servlet.http.HttpServletRequest)
2018-01-10 11:46:45.679  INFO 3066 --- [main] s.w.s.m.m.a.RequestMappingHandlerMapping : Mapped "{[/error],produces=[text/html]}" onto public org.springframework.web.servlet.ModelAndView org.springframework.boot.autoconfigure.web.BasicErrorController.errorHtml(javax.servlet.http.HttpServletRequest,javax.servlet.http.HttpServletResponse)
2018-01-10 11:46:45.707  INFO 3066 --- [main] o.s.w.s.handler.SimpleUrlHandlerMapping  : Mapped URL path [/webjars/**] onto handler of type [class org.springframework.web.servlet.resource.ResourceHttpRequestHandler]
2018-01-10 11:46:45.707  INFO 3066 --- [main] o.s.w.s.handler.SimpleUrlHandlerMapping  : Mapped URL path [/static/**] onto handler of type [class org.springframework.web.servlet.resource.ResourceHttpRequestHandler]
2018-01-10 11:46:45.764  INFO 3066 --- [main] o.s.w.s.handler.SimpleUrlHandlerMapping  : Mapped URL path [/**/favicon.ico] onto handler of type [class org.springframework.web.servlet.resource.ResourceHttpRequestHandler]
2018-01-10 11:46:46.119  INFO 3066 --- [main] o.s.j.e.a.AnnotationMBeanExporter        : Registering beans for JMX exposure on startup
2018-01-10 11:46:46.191  INFO 3066 --- [main] s.b.c.e.t.TomcatEmbeddedServletContainer : Tomcat started on port(s): 8000 (http)
2018-01-10 11:46:46.195  INFO 3066 --- [main] com.neil.survey.SurveyApplication        : Started SurveyApplication in 6.994 seconds (JVM running for 8.078)
2018-01-10 11:47:36.647  INFO 3066 --- [http-nio-8000-exec-1] o.a.c.c.C.[Tomcat].[localhost].[/]       : Initializing Spring FrameworkServlet 'dispatcherServlet'
2018-01-10 11:47:36.647  INFO 3066 --- [http-nio-8000-exec-1] o.s.web.servlet.DispatcherServlet        : FrameworkServlet 'dispatcherServlet': initialization started
2018-01-10 11:47:36.664  INFO 3066 --- [http-nio-8000-exec-1] o.s.web.servlet.DispatcherServlet        : FrameworkServlet 'dispatcherServlet': initialization completed in 16 ms
2018-01-10 11:47:37.371  INFO 3066 --- [http-nio-8000-exec-10] o.h.h.i.QueryTranslatorFactoryInitiator  : HHH000397: Using ASTQueryTranslatorFactory
2018-01-10 11:47:37.696 ERROR 3066 --- [http-nio-8000-exec-10] o.a.c.c.C.[.[.[/].[dispatcherServlet]    : Servlet.service() for servlet [dispatcherServlet] in context with path [] threw exception [Request processing failed; nested exception is java.lang.IndexOutOfBoundsException: Index: 0, Size: 0] with root cause

java.lang.IndexOutOfBoundsException: Index: 0, Size: 0
	at java.util.ArrayList.rangeCheck(ArrayList.java:653)
	at java.util.ArrayList.get(ArrayList.java:429)
	at com.neil.survey.service.impl.ImageProcessService.getCombinedImage(ImageProcessService.java:73)
	at com.neil.survey.service.impl.ImageProcessService$$FastClassBySpringCGLIB$$b3bdf639.invoke(<generated>)
	at org.springframework.cglib.proxy.MethodProxy.invoke(MethodProxy.java:204)
	at org.springframework.aop.framework.CglibAopProxy$CglibMethodInvocation.invokeJoinpoint(CglibAopProxy.java:738)
	at org.springframework.aop.framework.ReflectiveMethodInvocation.proceed(ReflectiveMethodInvocation.java:157)
	at org.springframework.transaction.interceptor.TransactionInterceptor$1.proceedWithInvocation(TransactionInterceptor.java:99)
	at org.springframework.transaction.interceptor.TransactionAspectSupport.invokeWithinTransaction(TransactionAspectSupport.java:282)
	at org.springframework.transaction.interceptor.TransactionInterceptor.invoke(TransactionInterceptor.java:96)
	at org.springframework.aop.framework.ReflectiveMethodInvocation.proceed(ReflectiveMethodInvocation.java:179)
	at org.springframework.aop.framework.CglibAopProxy$DynamicAdvisedInterceptor.intercept(CglibAopProxy.java:673)
	at com.neil.survey.service.impl.ImageProcessService$$EnhancerBySpringCGLIB$$7e884309.getCombinedImage(<generated>)
	at com.neil.survey.controller.ImageController.geneProfileImage(ImageController.java:228)
	at com.neil.survey.controller.ImageController$$FastClassBySpringCGLIB$$e5213532.invoke(<generated>)
	at org.springframework.cglib.proxy.MethodProxy.invoke(MethodProxy.java:204)
	at org.springframework.aop.framework.CglibAopProxy$CglibMethodInvocation.invokeJoinpoint(CglibAopProxy.java:738)
	at org.springframework.aop.framework.ReflectiveMethodInvocation.proceed(ReflectiveMethodInvocation.java:157)
	at org.springframework.transaction.interceptor.TransactionInterceptor$1.proceedWithInvocation(TransactionInterceptor.java:99)
	at org.springframework.transaction.interceptor.TransactionAspectSupport.invokeWithinTransaction(TransactionAspectSupport.java:282)
	at org.springframework.transaction.interceptor.TransactionInterceptor.invoke(TransactionInterceptor.java:96)
	at org.springframework.aop.framework.ReflectiveMethodInvocation.proceed(ReflectiveMethodInvocation.java:179)
	at org.springframework.aop.framework.CglibAopProxy$DynamicAdvisedInterceptor.intercept(CglibAopProxy.java:673)
	at com.neil.survey.controller.ImageController$$EnhancerBySpringCGLIB$$45f0a394.geneProfileImage(<generated>)
	at sun.reflect.NativeMethodAccessorImpl.invoke0(Native Method)
	at sun.reflect.NativeMethodAccessorImpl.invoke(NativeMethodAccessorImpl.java:62)
	at sun.reflect.DelegatingMethodAccessorImpl.invoke(DelegatingMethodAccessorImpl.java:43)
	at java.lang.reflect.Method.invoke(Method.java:498)
	at org.springframework.web.method.support.InvocableHandlerMethod.doInvoke(InvocableHandlerMethod.java:205)
	at org.springframework.web.method.support.InvocableHandlerMethod.invokeForRequest(InvocableHandlerMethod.java:133)
	at org.springframework.web.servlet.mvc.method.annotation.ServletInvocableHandlerMethod.invokeAndHandle(ServletInvocableHandlerMethod.java:97)
	at org.springframework.web.servlet.mvc.method.annotation.RequestMappingHandlerAdapter.invokeHandlerMethod(RequestMappingHandlerAdapter.java:827)
	at org.springframework.web.servlet.mvc.method.annotation.RequestMappingHandlerAdapter.handleInternal(RequestMappingHandlerAdapter.java:738)
	at org.springframework.web.servlet.mvc.method.AbstractHandlerMethodAdapter.handle(AbstractHandlerMethodAdapter.java:85)
	at org.springframework.web.servlet.DispatcherServlet.doDispatch(DispatcherServlet.java:967)
	at org.springframework.web.servlet.DispatcherServlet.doService(DispatcherServlet.java:901)
	at org.springframework.web.servlet.FrameworkServlet.processRequest(FrameworkServlet.java:970)
	at org.springframework.web.servlet.FrameworkServlet.doPost(FrameworkServlet.java:872)
	at javax.servlet.http.HttpServlet.service(HttpServlet.java:661)
	at org.springframework.web.servlet.FrameworkServlet.service(FrameworkServlet.java:846)
	at javax.servlet.http.HttpServlet.service(HttpServlet.java:742)
	at org.apache.catalina.core.ApplicationFilterChain.internalDoFilter(ApplicationFilterChain.java:231)
	at org.apache.catalina.core.ApplicationFilterChain.doFilter(ApplicationFilterChain.java:166)
	at org.apache.tomcat.websocket.server.WsFilter.doFilter(WsFilter.java:52)
	at org.apache.catalina.core.ApplicationFilterChain.internalDoFilter(ApplicationFilterChain.java:193)
	at org.apache.catalina.core.ApplicationFilterChain.doFilter(ApplicationFilterChain.java:166)
	at org.springframework.orm.jpa.support.OpenEntityManagerInViewFilter.doFilterInternal(OpenEntityManagerInViewFilter.java:178)
	at org.springframework.web.filter.OncePerRequestFilter.doFilter(OncePerRequestFilter.java:107)
	at org.apache.catalina.core.ApplicationFilterChain.internalDoFilter(ApplicationFilterChain.java:193)
	at org.apache.catalina.core.ApplicationFilterChain.doFilter(ApplicationFilterChain.java:166)
	at org.springframework.web.filter.RequestContextFilter.doFilterInternal(RequestContextFilter.java:99)
	at org.springframework.web.filter.OncePerRequestFilter.doFilter(OncePerRequestFilter.java:107)
	at org.apache.catalina.core.ApplicationFilterChain.internalDoFilter(ApplicationFilterChain.java:193)
	at org.apache.catalina.core.ApplicationFilterChain.doFilter(ApplicationFilterChain.java:166)
	at org.springframework.web.filter.HttpPutFormContentFilter.doFilterInternal(HttpPutFormContentFilter.java:108)
	at org.springframework.web.filter.OncePerRequestFilter.doFilter(OncePerRequestFilter.java:107)
	at org.apache.catalina.core.ApplicationFilterChain.internalDoFilter(ApplicationFilterChain.java:193)
	at org.apache.catalina.core.ApplicationFilterChain.doFilter(ApplicationFilterChain.java:166)
	at org.springframework.web.filter.HiddenHttpMethodFilter.doFilterInternal(HiddenHttpMethodFilter.java:81)
	at org.springframework.web.filter.OncePerRequestFilter.doFilter(OncePerRequestFilter.java:107)
	at org.apache.catalina.core.ApplicationFilterChain.internalDoFilter(ApplicationFilterChain.java:193)
	at org.apache.catalina.core.ApplicationFilterChain.doFilter(ApplicationFilterChain.java:166)
	at org.springframework.web.filter.CharacterEncodingFilter.doFilterInternal(CharacterEncodingFilter.java:197)
	at org.springframework.web.filter.OncePerRequestFilter.doFilter(OncePerRequestFilter.java:107)
	at org.apache.catalina.core.ApplicationFilterChain.internalDoFilter(ApplicationFilterChain.java:193)
	at org.apache.catalina.core.ApplicationFilterChain.doFilter(ApplicationFilterChain.java:166)
	at org.apache.catalina.core.StandardWrapperValve.invoke(StandardWrapperValve.java:198)
	at org.apache.catalina.core.StandardContextValve.invoke(StandardContextValve.java:96)
	at org.apache.catalina.authenticator.AuthenticatorBase.invoke(AuthenticatorBase.java:478)
	at org.apache.catalina.core.StandardHostValve.invoke(StandardHostValve.java:140)
	at org.apache.catalina.valves.ErrorReportValve.invoke(ErrorReportValve.java:80)
	at org.apache.catalina.core.StandardEngineValve.invoke(StandardEngineValve.java:87)
	at org.apache.catalina.connector.CoyoteAdapter.service(CoyoteAdapter.java:342)
	at org.apache.coyote.http11.Http11Processor.service(Http11Processor.java:799)
	at org.apache.coyote.AbstractProcessorLight.process(AbstractProcessorLight.java:66)
	at org.apache.coyote.AbstractProtocol$ConnectionHandler.process(AbstractProtocol.java:868)
	at org.apache.tomcat.util.net.NioEndpoint$SocketProcessor.doRun(NioEndpoint.java:1457)
	at org.apache.tomcat.util.net.SocketProcessorBase.run(SocketProcessorBase.java:49)
	at java.util.concurrent.ThreadPoolExecutor.runWorker(ThreadPoolExecutor.java:1142)
	at java.util.concurrent.ThreadPoolExecutor$Worker.run(ThreadPoolExecutor.java:617)
	at org.apache.tomcat.util.threads.TaskThread$WrappingRunnable.run(TaskThread.java:61)
	at java.lang.Thread.run(Thread.java:748)

2018-01-10 11:47:41.649 ERROR 3066 --- [http-nio-8000-exec-5] o.a.c.c.C.[.[.[/].[dispatcherServlet]    : Servlet.service() for servlet [dispatcherServlet] in context with path [] threw exception [Request processing failed; nested exception is java.lang.IndexOutOfBoundsException: Index: 0, Size: 0] with root cause

java.lang.IndexOutOfBoundsException: Index: 0, Size: 0
	at java.util.ArrayList.rangeCheck(ArrayList.java:653)
	at java.util.ArrayList.get(ArrayList.java:429)
	at com.neil.survey.service.impl.ImageProcessService.getCombinedImage(ImageProcessService.java:73)
	at com.neil.survey.service.impl.ImageProcessService$$FastClassBySpringCGLIB$$b3bdf639.invoke(<generated>)
	at org.springframework.cglib.proxy.MethodProxy.invoke(MethodProxy.java:204)
	at org.springframework.aop.framework.CglibAopProxy$CglibMethodInvocation.invokeJoinpoint(CglibAopProxy.java:738)
	at org.springframework.aop.framework.ReflectiveMethodInvocation.proceed(ReflectiveMethodInvocation.java:157)
	at org.springframework.transaction.interceptor.TransactionInterceptor$1.proceedWithInvocation(TransactionInterceptor.java:99)
	at org.springframework.transaction.interceptor.TransactionAspectSupport.invokeWithinTransaction(TransactionAspectSupport.java:282)
	at org.springframework.transaction.interceptor.TransactionInterceptor.invoke(TransactionInterceptor.java:96)
	at org.springframework.aop.framework.ReflectiveMethodInvocation.proceed(ReflectiveMethodInvocation.java:179)
	at org.springframework.aop.framework.CglibAopProxy$DynamicAdvisedInterceptor.intercept(CglibAopProxy.java:673)
	at com.neil.survey.service.impl.ImageProcessService$$EnhancerBySpringCGLIB$$7e884309.getCombinedImage(<generated>)
	at com.neil.survey.controller.ImageController.geneProfileImage(ImageController.java:228)
	at com.neil.survey.controller.ImageController$$FastClassBySpringCGLIB$$e5213532.invoke(<generated>)
	at org.springframework.cglib.proxy.MethodProxy.invoke(MethodProxy.java:204)
	at org.springframework.aop.framework.CglibAopProxy$CglibMethodInvocation.invokeJoinpoint(CglibAopProxy.java:738)
	at org.springframework.aop.framework.ReflectiveMethodInvocation.proceed(ReflectiveMethodInvocation.java:157)
	at org.springframework.transaction.interceptor.TransactionInterceptor$1.proceedWithInvocation(TransactionInterceptor.java:99)
	at org.springframework.transaction.interceptor.TransactionAspectSupport.invokeWithinTransaction(TransactionAspectSupport.java:282)
	at org.springframework.transaction.interceptor.TransactionInterceptor.invoke(TransactionInterceptor.java:96)
	at org.springframework.aop.framework.ReflectiveMethodInvocation.proceed(ReflectiveMethodInvocation.java:179)
	at org.springframework.aop.framework.CglibAopProxy$DynamicAdvisedInterceptor.intercept(CglibAopProxy.java:673)
	at com.neil.survey.controller.ImageController$$EnhancerBySpringCGLIB$$45f0a394.geneProfileImage(<generated>)
	at sun.reflect.NativeMethodAccessorImpl.invoke0(Native Method)
	at sun.reflect.NativeMethodAccessorImpl.invoke(NativeMethodAccessorImpl.java:62)
	at sun.reflect.DelegatingMethodAccessorImpl.invoke(DelegatingMethodAccessorImpl.java:43)
	at java.lang.reflect.Method.invoke(Method.java:498)
	at org.springframework.web.method.support.InvocableHandlerMethod.doInvoke(InvocableHandlerMethod.java:205)
	at org.springframework.web.method.support.InvocableHandlerMethod.invokeForRequest(InvocableHandlerMethod.java:133)
	at org.springframework.web.servlet.mvc.method.annotation.ServletInvocableHandlerMethod.invokeAndHandle(ServletInvocableHandlerMethod.java:97)
	at org.springframework.web.servlet.mvc.method.annotation.RequestMappingHandlerAdapter.invokeHandlerMethod(RequestMappingHandlerAdapter.java:827)
	at org.springframework.web.servlet.mvc.method.annotation.RequestMappingHandlerAdapter.handleInternal(RequestMappingHandlerAdapter.java:738)
	at org.springframework.web.servlet.mvc.method.AbstractHandlerMethodAdapter.handle(AbstractHandlerMethodAdapter.java:85)
	at org.springframework.web.servlet.DispatcherServlet.doDispatch(DispatcherServlet.java:967)
	at org.springframework.web.servlet.DispatcherServlet.doService(DispatcherServlet.java:901)
	at org.springframework.web.servlet.FrameworkServlet.processRequest(FrameworkServlet.java:970)
	at org.springframework.web.servlet.FrameworkServlet.doPost(FrameworkServlet.java:872)
	at javax.servlet.http.HttpServlet.service(HttpServlet.java:661)
	at org.springframework.web.servlet.FrameworkServlet.service(FrameworkServlet.java:846)
	at javax.servlet.http.HttpServlet.service(HttpServlet.java:742)
	at org.apache.catalina.core.ApplicationFilterChain.internalDoFilter(ApplicationFilterChain.java:231)
	at org.apache.catalina.core.ApplicationFilterChain.doFilter(ApplicationFilterChain.java:166)
	at org.apache.tomcat.websocket.server.WsFilter.doFilter(WsFilter.java:52)
	at org.apache.catalina.core.ApplicationFilterChain.internalDoFilter(ApplicationFilterChain.java:193)
	at org.apache.catalina.core.ApplicationFilterChain.doFilter(ApplicationFilterChain.java:166)
	at org.springframework.orm.jpa.support.OpenEntityManagerInViewFilter.doFilterInternal(OpenEntityManagerInViewFilter.java:178)
	at org.springframework.web.filter.OncePerRequestFilter.doFilter(OncePerRequestFilter.java:107)
	at org.apache.catalina.core.ApplicationFilterChain.internalDoFilter(ApplicationFilterChain.java:193)
	at org.apache.catalina.core.ApplicationFilterChain.doFilter(ApplicationFilterChain.java:166)
	at org.springframework.web.filter.RequestContextFilter.doFilterInternal(RequestContextFilter.java:99)
	at org.springframework.web.filter.OncePerRequestFilter.doFilter(OncePerRequestFilter.java:107)
	at org.apache.catalina.core.ApplicationFilterChain.internalDoFilter(ApplicationFilterChain.java:193)
	at org.apache.catalina.core.ApplicationFilterChain.doFilter(ApplicationFilterChain.java:166)
	at org.springframework.web.filter.HttpPutFormContentFilter.doFilterInternal(HttpPutFormContentFilter.java:108)
	at org.springframework.web.filter.OncePerRequestFilter.doFilter(OncePerRequestFilter.java:107)
	at org.apache.catalina.core.ApplicationFilterChain.internalDoFilter(ApplicationFilterChain.java:193)
	at org.apache.catalina.core.ApplicationFilterChain.doFilter(ApplicationFilterChain.java:166)
	at org.springframework.web.filter.HiddenHttpMethodFilter.doFilterInternal(HiddenHttpMethodFilter.java:81)
	at org.springframework.web.filter.OncePerRequestFilter.doFilter(OncePerRequestFilter.java:107)
	at org.apache.catalina.core.ApplicationFilterChain.internalDoFilter(ApplicationFilterChain.java:193)
	at org.apache.catalina.core.ApplicationFilterChain.doFilter(ApplicationFilterChain.java:166)
	at org.springframework.web.filter.CharacterEncodingFilter.doFilterInternal(CharacterEncodingFilter.java:197)
	at org.springframework.web.filter.OncePerRequestFilter.doFilter(OncePerRequestFilter.java:107)
	at org.apache.catalina.core.ApplicationFilterChain.internalDoFilter(ApplicationFilterChain.java:193)
	at org.apache.catalina.core.ApplicationFilterChain.doFilter(ApplicationFilterChain.java:166)
	at org.apache.catalina.core.StandardWrapperValve.invoke(StandardWrapperValve.java:198)
	at org.apache.catalina.core.StandardContextValve.invoke(StandardContextValve.java:96)
	at org.apache.catalina.authenticator.AuthenticatorBase.invoke(AuthenticatorBase.java:478)
	at org.apache.catalina.core.StandardHostValve.invoke(StandardHostValve.java:140)
	at org.apache.catalina.valves.ErrorReportValve.invoke(ErrorReportValve.java:80)
	at org.apache.catalina.core.StandardEngineValve.invoke(StandardEngineValve.java:87)
	at org.apache.catalina.connector.CoyoteAdapter.service(CoyoteAdapter.java:342)
	at org.apache.coyote.http11.Http11Processor.service(Http11Processor.java:799)
	at org.apache.coyote.AbstractProcessorLight.process(AbstractProcessorLight.java:66)
	at org.apache.coyote.AbstractProtocol$ConnectionHandler.process(AbstractProtocol.java:868)
	at org.apache.tomcat.util.net.NioEndpoint$SocketProcessor.doRun(NioEndpoint.java:1457)
	at org.apache.tomcat.util.net.SocketProcessorBase.run(SocketProcessorBase.java:49)
	at java.util.concurrent.ThreadPoolExecutor.runWorker(ThreadPoolExecutor.java:1142)
	at java.util.concurrent.ThreadPoolExecutor$Worker.run(ThreadPoolExecutor.java:617)
	at org.apache.tomcat.util.threads.TaskThread$WrappingRunnable.run(TaskThread.java:61)
	at java.lang.Thread.run(Thread.java:748)

2018-01-10 11:47:45.379 ERROR 3066 --- [http-nio-8000-exec-2] o.a.c.c.C.[.[.[/].[dispatcherServlet]    : Servlet.service() for servlet [dispatcherServlet] in context with path [] threw exception [Request processing failed; nested exception is java.lang.IndexOutOfBoundsException: Index: 0, Size: 0] with root cause

java.lang.IndexOutOfBoundsException: Index: 0, Size: 0
	at java.util.ArrayList.rangeCheck(ArrayList.java:653)
	at java.util.ArrayList.get(ArrayList.java:429)
	at com.neil.survey.service.impl.ImageProcessService.getCombinedImage(ImageProcessService.java:73)
	at com.neil.survey.service.impl.ImageProcessService$$FastClassBySpringCGLIB$$b3bdf639.invoke(<generated>)
	at org.springframework.cglib.proxy.MethodProxy.invoke(MethodProxy.java:204)
	at org.springframework.aop.framework.CglibAopProxy$CglibMethodInvocation.invokeJoinpoint(CglibAopProxy.java:738)
	at org.springframework.aop.framework.ReflectiveMethodInvocation.proceed(ReflectiveMethodInvocation.java:157)
	at org.springframework.transaction.interceptor.TransactionInterceptor$1.proceedWithInvocation(TransactionInterceptor.java:99)
	at org.springframework.transaction.interceptor.TransactionAspectSupport.invokeWithinTransaction(TransactionAspectSupport.java:282)
	at org.springframework.transaction.interceptor.TransactionInterceptor.invoke(TransactionInterceptor.java:96)
	at org.springframework.aop.framework.ReflectiveMethodInvocation.proceed(ReflectiveMethodInvocation.java:179)
	at org.springframework.aop.framework.CglibAopProxy$DynamicAdvisedInterceptor.intercept(CglibAopProxy.java:673)
	at com.neil.survey.service.impl.ImageProcessService$$EnhancerBySpringCGLIB$$7e884309.getCombinedImage(<generated>)
	at com.neil.survey.controller.ImageController.geneProfileImage(ImageController.java:228)
	at com.neil.survey.controller.ImageController$$FastClassBySpringCGLIB$$e5213532.invoke(<generated>)
	at org.springframework.cglib.proxy.MethodProxy.invoke(MethodProxy.java:204)
	at org.springframework.aop.framework.CglibAopProxy$CglibMethodInvocation.invokeJoinpoint(CglibAopProxy.java:738)
	at org.springframework.aop.framework.ReflectiveMethodInvocation.proceed(ReflectiveMethodInvocation.java:157)
	at org.springframework.transaction.interceptor.TransactionInterceptor$1.proceedWithInvocation(TransactionInterceptor.java:99)
	at org.springframework.transaction.interceptor.TransactionAspectSupport.invokeWithinTransaction(TransactionAspectSupport.java:282)
	at org.springframework.transaction.interceptor.TransactionInterceptor.invoke(TransactionInterceptor.java:96)
	at org.springframework.aop.framework.ReflectiveMethodInvocation.proceed(ReflectiveMethodInvocation.java:179)
	at org.springframework.aop.framework.CglibAopProxy$DynamicAdvisedInterceptor.intercept(CglibAopProxy.java:673)
	at com.neil.survey.controller.ImageController$$EnhancerBySpringCGLIB$$45f0a394.geneProfileImage(<generated>)
	at sun.reflect.NativeMethodAccessorImpl.invoke0(Native Method)
	at sun.reflect.NativeMethodAccessorImpl.invoke(NativeMethodAccessorImpl.java:62)
	at sun.reflect.DelegatingMethodAccessorImpl.invoke(DelegatingMethodAccessorImpl.java:43)
	at java.lang.reflect.Method.invoke(Method.java:498)
	at org.springframework.web.method.support.InvocableHandlerMethod.doInvoke(InvocableHandlerMethod.java:205)
	at org.springframework.web.method.support.InvocableHandlerMethod.invokeForRequest(InvocableHandlerMethod.java:133)
	at org.springframework.web.servlet.mvc.method.annotation.ServletInvocableHandlerMethod.invokeAndHandle(ServletInvocableHandlerMethod.java:97)
	at org.springframework.web.servlet.mvc.method.annotation.RequestMappingHandlerAdapter.invokeHandlerMethod(RequestMappingHandlerAdapter.java:827)
	at org.springframework.web.servlet.mvc.method.annotation.RequestMappingHandlerAdapter.handleInternal(RequestMappingHandlerAdapter.java:738)
	at org.springframework.web.servlet.mvc.method.AbstractHandlerMethodAdapter.handle(AbstractHandlerMethodAdapter.java:85)
	at org.springframework.web.servlet.DispatcherServlet.doDispatch(DispatcherServlet.java:967)
	at org.springframework.web.servlet.DispatcherServlet.doService(DispatcherServlet.java:901)
	at org.springframework.web.servlet.FrameworkServlet.processRequest(FrameworkServlet.java:970)
	at org.springframework.web.servlet.FrameworkServlet.doPost(FrameworkServlet.java:872)
	at javax.servlet.http.HttpServlet.service(HttpServlet.java:661)
	at org.springframework.web.servlet.FrameworkServlet.service(FrameworkServlet.java:846)
	at javax.servlet.http.HttpServlet.service(HttpServlet.java:742)
	at org.apache.catalina.core.ApplicationFilterChain.internalDoFilter(ApplicationFilterChain.java:231)
	at org.apache.catalina.core.ApplicationFilterChain.doFilter(ApplicationFilterChain.java:166)
	at org.apache.tomcat.websocket.server.WsFilter.doFilter(WsFilter.java:52)
	at org.apache.catalina.core.ApplicationFilterChain.internalDoFilter(ApplicationFilterChain.java:193)
	at org.apache.catalina.core.ApplicationFilterChain.doFilter(ApplicationFilterChain.java:166)
	at org.springframework.orm.jpa.support.OpenEntityManagerInViewFilter.doFilterInternal(OpenEntityManagerInViewFilter.java:178)
	at org.springframework.web.filter.OncePerRequestFilter.doFilter(OncePerRequestFilter.java:107)
	at org.apache.catalina.core.ApplicationFilterChain.internalDoFilter(ApplicationFilterChain.java:193)
	at org.apache.catalina.core.ApplicationFilterChain.doFilter(ApplicationFilterChain.java:166)
	at org.springframework.web.filter.RequestContextFilter.doFilterInternal(RequestContextFilter.java:99)
	at org.springframework.web.filter.OncePerRequestFilter.doFilter(OncePerRequestFilter.java:107)
	at org.apache.catalina.core.ApplicationFilterChain.internalDoFilter(ApplicationFilterChain.java:193)
	at org.apache.catalina.core.ApplicationFilterChain.doFilter(ApplicationFilterChain.java:166)
	at org.springframework.web.filter.HttpPutFormContentFilter.doFilterInternal(HttpPutFormContentFilter.java:108)
	at org.springframework.web.filter.OncePerRequestFilter.doFilter(OncePerRequestFilter.java:107)
	at org.apache.catalina.core.ApplicationFilterChain.internalDoFilter(ApplicationFilterChain.java:193)
	at org.apache.catalina.core.ApplicationFilterChain.doFilter(ApplicationFilterChain.java:166)
	at org.springframework.web.filter.HiddenHttpMethodFilter.doFilterInternal(HiddenHttpMethodFilter.java:81)
	at org.springframework.web.filter.OncePerRequestFilter.doFilter(OncePerRequestFilter.java:107)
	at org.apache.catalina.core.ApplicationFilterChain.internalDoFilter(ApplicationFilterChain.java:193)
	at org.apache.catalina.core.ApplicationFilterChain.doFilter(ApplicationFilterChain.java:166)
	at org.springframework.web.filter.CharacterEncodingFilter.doFilterInternal(CharacterEncodingFilter.java:197)
	at org.springframework.web.filter.OncePerRequestFilter.doFilter(OncePerRequestFilter.java:107)
	at org.apache.catalina.core.ApplicationFilterChain.internalDoFilter(ApplicationFilterChain.java:193)
	at org.apache.catalina.core.ApplicationFilterChain.doFilter(ApplicationFilterChain.java:166)
	at org.apache.catalina.core.StandardWrapperValve.invoke(StandardWrapperValve.java:198)
	at org.apache.catalina.core.StandardContextValve.invoke(StandardContextValve.java:96)
	at org.apache.catalina.authenticator.AuthenticatorBase.invoke(AuthenticatorBase.java:478)
	at org.apache.catalina.core.StandardHostValve.invoke(StandardHostValve.java:140)
	at org.apache.catalina.valves.ErrorReportValve.invoke(ErrorReportValve.java:80)
	at org.apache.catalina.core.StandardEngineValve.invoke(StandardEngineValve.java:87)
	at org.apache.catalina.connector.CoyoteAdapter.service(CoyoteAdapter.java:342)
	at org.apache.coyote.http11.Http11Processor.service(Http11Processor.java:799)
	at org.apache.coyote.AbstractProcessorLight.process(AbstractProcessorLight.java:66)
	at org.apache.coyote.AbstractProtocol$ConnectionHandler.process(AbstractProtocol.java:868)
	at org.apache.tomcat.util.net.NioEndpoint$SocketProcessor.doRun(NioEndpoint.java:1457)
	at org.apache.tomcat.util.net.SocketProcessorBase.run(SocketProcessorBase.java:49)
	at java.util.concurrent.ThreadPoolExecutor.runWorker(ThreadPoolExecutor.java:1142)
	at java.util.concurrent.ThreadPoolExecutor$Worker.run(ThreadPoolExecutor.java:617)
	at org.apache.tomcat.util.threads.TaskThread$WrappingRunnable.run(TaskThread.java:61)
	at java.lang.Thread.run(Thread.java:748)

2018-01-10 11:48:29.591  INFO 3066 --- [RMI TCP Connection(2)-127.0.0.1] inMXBeanRegistrar$SpringApplicationAdmin : Application shutdown requested.
2018-01-10 11:48:29.592  INFO 3066 --- [RMI TCP Connection(2)-127.0.0.1] ationConfigEmbeddedWebApplicationContext : Closing org.springframework.boot.context.embedded.AnnotationConfigEmbeddedWebApplicationContext@1139b2f3: startup date [Wed Jan 10 11:46:40 CST 2018]; root of context hierarchy
2018-01-10 11:48:29.596  INFO 3066 --- [RMI TCP Connection(2)-127.0.0.1] o.s.j.e.a.AnnotationMBeanExporter        : Unregistering JMX-exposed beans on shutdown
2018-01-10 11:48:29.599  INFO 3066 --- [RMI TCP Connection(2)-127.0.0.1] j.LocalContainerEntityManagerFactoryBean : Closing JPA EntityManagerFactory for persistence unit 'default'
2018-01-10 11:48:58.198  INFO 3070 --- [main] com.neil.survey.SurveyApplication        : Starting SurveyApplication on xavierdeMacBook-Pro.local with PID 3070 (started by xavieryuan in /Users/xavieryuan/OneDrive/projects/2017装备看板/IDSurvey)
2018-01-10 11:48:58.201  INFO 3070 --- [main] com.neil.survey.SurveyApplication        : No active profile set, falling back to default profiles: default
2018-01-10 11:48:58.253  INFO 3070 --- [main] ationConfigEmbeddedWebApplicationContext : Refreshing org.springframework.boot.context.embedded.AnnotationConfigEmbeddedWebApplicationContext@1139b2f3: startup date [Wed Jan 10 11:48:58 CST 2018]; root of context hierarchy
2018-01-10 11:48:59.452  INFO 3070 --- [main] s.b.c.e.t.TomcatEmbeddedServletContainer : Tomcat initialized with port(s): 8000 (http)
2018-01-10 11:48:59.461  INFO 3070 --- [main] o.apache.catalina.core.StandardService   : Starting service [Tomcat]
2018-01-10 11:48:59.462  INFO 3070 --- [main] org.apache.catalina.core.StandardEngine  : Starting Servlet Engine: Apache Tomcat/8.5.20
2018-01-10 11:48:59.540  INFO 3070 --- [localhost-startStop-1] o.a.c.c.C.[Tomcat].[localhost].[/]       : Initializing Spring embedded WebApplicationContext
2018-01-10 11:48:59.540  INFO 3070 --- [localhost-startStop-1] o.s.web.context.ContextLoader            : Root WebApplicationContext: initialization completed in 1287 ms
2018-01-10 11:48:59.661  INFO 3070 --- [localhost-startStop-1] o.s.b.w.servlet.ServletRegistrationBean  : Mapping servlet: 'webServlet' to [/console/*]
2018-01-10 11:48:59.663  INFO 3070 --- [localhost-startStop-1] o.s.b.w.servlet.ServletRegistrationBean  : Mapping servlet: 'dispatcherServlet' to [/]
2018-01-10 11:48:59.665  INFO 3070 --- [localhost-startStop-1] o.s.b.w.servlet.FilterRegistrationBean   : Mapping filter: 'characterEncodingFilter' to: [/*]
2018-01-10 11:48:59.666  INFO 3070 --- [localhost-startStop-1] o.s.b.w.servlet.FilterRegistrationBean   : Mapping filter: 'hiddenHttpMethodFilter' to: [/*]
2018-01-10 11:48:59.667  INFO 3070 --- [localhost-startStop-1] o.s.b.w.servlet.FilterRegistrationBean   : Mapping filter: 'httpPutFormContentFilter' to: [/*]
2018-01-10 11:48:59.667  INFO 3070 --- [localhost-startStop-1] o.s.b.w.servlet.FilterRegistrationBean   : Mapping filter: 'requestContextFilter' to: [/*]
2018-01-10 11:48:59.667  INFO 3070 --- [localhost-startStop-1] o.s.b.w.servlet.FilterRegistrationBean   : Mapping filter: 'openEntityManagerInViewFilter' to urls: [/*]
2018-01-10 11:48:59.677  INFO 3070 --- [localhost-startStop-1] com.neil.servlet.H2Listener              : 正在启动h2数据库...
2018-01-10 11:48:59.765  INFO 3070 --- [localhost-startStop-1] com.neil.servlet.H2Listener              : h2数据库启动成功...
2018-01-10 11:49:00.404  INFO 3070 --- [main] j.LocalContainerEntityManagerFactoryBean : Building JPA container EntityManagerFactory for persistence unit 'default'
2018-01-10 11:49:00.416  INFO 3070 --- [main] o.hibernate.jpa.internal.util.LogHelper  : HHH000204: Processing PersistenceUnitInfo [
	name: default
	...]
2018-01-10 11:49:00.478  INFO 3070 --- [main] org.hibernate.Version                    : HHH000412: Hibernate Core {5.0.12.Final}
2018-01-10 11:49:00.480  INFO 3070 --- [main] org.hibernate.cfg.Environment            : HHH000206: hibernate.properties not found
2018-01-10 11:49:00.481  INFO 3070 --- [main] org.hibernate.cfg.Environment            : HHH000021: Bytecode provider name : javassist
2018-01-10 11:49:00.545  INFO 3070 --- [main] o.hibernate.annotations.common.Version   : HCANN000001: Hibernate Commons Annotations {5.0.1.Final}
2018-01-10 11:49:00.725  INFO 3070 --- [main] org.hibernate.dialect.Dialect            : HHH000400: Using dialect: org.hibernate.dialect.H2Dialect
2018-01-10 11:49:00.981  WARN 3070 --- [main] org.hibernate.id.UUIDHexGenerator        : HHH000409: Using org.hibernate.id.UUIDHexGenerator which does not generate IETF RFC 4122 compliant UUID values; consider using org.hibernate.id.UUIDGenerator instead
2018-01-10 11:49:01.145  WARN 3070 --- [main] org.hibernate.mapping.RootClass          : HHH000038: Composite-id class does not override equals(): com.neil.survey.module.BrandImage
2018-01-10 11:49:01.145  WARN 3070 --- [main] org.hibernate.mapping.RootClass          : HHH000039: Composite-id class does not override hashCode(): com.neil.survey.module.BrandImage
2018-01-10 11:49:01.146  WARN 3070 --- [main] org.hibernate.mapping.RootClass          : HHH000038: Composite-id class does not override equals(): com.neil.survey.module.AnswerBrand
2018-01-10 11:49:01.146  WARN 3070 --- [main] org.hibernate.mapping.RootClass          : HHH000039: Composite-id class does not override hashCode(): com.neil.survey.module.AnswerBrand
2018-01-10 11:49:01.147  WARN 3070 --- [main] org.hibernate.mapping.RootClass          : HHH000038: Composite-id class does not override equals(): com.neil.survey.module.SurveyImage
2018-01-10 11:49:01.148  WARN 3070 --- [main] org.hibernate.mapping.RootClass          : HHH000039: Composite-id class does not override hashCode(): com.neil.survey.module.SurveyImage
2018-01-10 11:49:01.149  WARN 3070 --- [main] org.hibernate.mapping.RootClass          : HHH000038: Composite-id class does not override equals(): com.neil.survey.module.AnswerImage
2018-01-10 11:49:01.149  WARN 3070 --- [main] org.hibernate.mapping.RootClass          : HHH000039: Composite-id class does not override hashCode(): com.neil.survey.module.AnswerImage
2018-01-10 11:49:01.150  WARN 3070 --- [main] org.hibernate.mapping.RootClass          : HHH000038: Composite-id class does not override equals(): com.neil.survey.module.SurveyBrand
2018-01-10 11:49:01.151  WARN 3070 --- [main] org.hibernate.mapping.RootClass          : HHH000039: Composite-id class does not override hashCode(): com.neil.survey.module.SurveyBrand
2018-01-10 11:49:01.445  INFO 3070 --- [main] org.hibernate.tool.hbm2ddl.SchemaUpdate  : HHH000228: Running hbm2ddl schema update
2018-01-10 11:49:01.568  INFO 3070 --- [main] j.LocalContainerEntityManagerFactoryBean : Initialized JPA EntityManagerFactory for persistence unit 'default'
2018-01-10 11:49:02.302  INFO 3070 --- [main] s.w.s.m.m.a.RequestMappingHandlerAdapter : Looking for @ControllerAdvice: org.springframework.boot.context.embedded.AnnotationConfigEmbeddedWebApplicationContext@1139b2f3: startup date [Wed Jan 10 11:48:58 CST 2018]; root of context hierarchy
2018-01-10 11:49:02.355  INFO 3070 --- [main] s.w.s.m.m.a.RequestMappingHandlerMapping : Mapped "{[/api/answerService/getAllAnswerList],methods=[GET]}" onto public com.neil.survey.util.RestResponseEntity<java.util.List<com.neil.survey.module.Answer>> com.neil.survey.controller.AnswerController.listSurvey(com.neil.survey.util.PageEntity,java.lang.String)
2018-01-10 11:49:02.357  INFO 3070 --- [main] s.w.s.m.m.a.RequestMappingHandlerMapping : Mapped "{[/api/answerService/addAnswer],methods=[POST]}" onto public com.neil.survey.util.RestResponseEntity<java.lang.Void> com.neil.survey.controller.AnswerController.addAnswer(com.neil.survey.module.Answer)
2018-01-10 11:49:02.358  INFO 3070 --- [main] s.w.s.m.m.a.RequestMappingHandlerMapping : Mapped "{[/api/answerService/updateAnswer],methods=[POST]}" onto public com.neil.survey.util.RestResponseEntity<java.lang.Void> com.neil.survey.controller.AnswerController.updateAnswer(com.neil.survey.module.Answer)
2018-01-10 11:49:02.359  INFO 3070 --- [main] s.w.s.m.m.a.RequestMappingHandlerMapping : Mapped "{[/api/answerService/deleteAnswer],methods=[DELETE]}" onto public com.neil.survey.util.RestResponseEntity<java.lang.Void> com.neil.survey.controller.AnswerController.deleteAnswer(com.neil.survey.module.Answer)
2018-01-10 11:49:02.363  INFO 3070 --- [main] s.w.s.m.m.a.RequestMappingHandlerMapping : Mapped "{[/api/brandService/addBrand],methods=[POST]}" onto public com.neil.survey.util.RestResponseEntity<java.lang.Void> com.neil.survey.controller.BrandController.addBrand(com.neil.survey.module.Brand)
2018-01-10 11:49:02.365  INFO 3070 --- [main] s.w.s.m.m.a.RequestMappingHandlerMapping : Mapped "{[/api/brandService/getAllBrands],methods=[GET]}" onto public com.neil.survey.util.RestResponseEntity<java.util.List<com.neil.survey.module.Brand>> com.neil.survey.controller.BrandController.getAllBrands(com.neil.survey.util.PageEntity)
2018-01-10 11:49:02.367  INFO 3070 --- [main] s.w.s.m.m.a.RequestMappingHandlerMapping : Mapped "{[/api/brandService/updateBrand],methods=[POST]}" onto public com.neil.survey.util.RestResponseEntity<java.lang.Void> com.neil.survey.controller.BrandController.updateBrand(com.neil.survey.module.Brand)
2018-01-10 11:49:02.367  INFO 3070 --- [main] s.w.s.m.m.a.RequestMappingHandlerMapping : Mapped "{[/api/brandService/deleteBrand],methods=[DELETE]}" onto public com.neil.survey.util.RestResponseEntity<java.lang.Void> com.neil.survey.controller.BrandController.deleteCreator(com.neil.survey.module.Brand)
2018-01-10 11:49:02.369  INFO 3070 --- [main] s.w.s.m.m.a.RequestMappingHandlerMapping : Mapped "{[/api/creatorService/listSurvey],methods=[GET]}" onto public com.neil.survey.util.RestResponseEntity<java.util.List<com.neil.survey.module.Survey>> com.neil.survey.controller.CreatorController.listSurvey(com.neil.survey.util.PageEntity,java.lang.String)
2018-01-10 11:49:02.370  INFO 3070 --- [main] s.w.s.m.m.a.RequestMappingHandlerMapping : Mapped "{[/api/creatorService/deleteCreator],methods=[DELETE]}" onto public com.neil.survey.util.RestResponseEntity<java.lang.Void> com.neil.survey.controller.CreatorController.deleteCreator(com.neil.survey.module.Creator)
2018-01-10 11:49:02.371  INFO 3070 --- [main] s.w.s.m.m.a.RequestMappingHandlerMapping : Mapped "{[/api/creatorService/getAllCreatorList],methods=[GET]}" onto public com.neil.survey.util.RestResponseEntity<java.util.List<com.neil.survey.module.Creator>> com.neil.survey.controller.CreatorController.getAllCreatorList(com.neil.survey.util.PageEntity,java.lang.String)
2018-01-10 11:49:02.372  INFO 3070 --- [main] s.w.s.m.m.a.RequestMappingHandlerMapping : Mapped "{[/api/creatorService/addCreator],methods=[POST]}" onto public com.neil.survey.util.RestResponseEntity<java.lang.Void> com.neil.survey.controller.CreatorController.addCreator(com.neil.survey.module.Creator)
2018-01-10 11:49:02.378  INFO 3070 --- [main] s.w.s.m.m.a.RequestMappingHandlerMapping : Mapped "{[/api/imageService/deleteImage],methods=[DELETE]}" onto public com.neil.survey.util.RestResponseEntity<java.lang.Void> com.neil.survey.controller.ImageController.deleteCreator(com.neil.survey.module.Image)
2018-01-10 11:49:02.379  INFO 3070 --- [main] s.w.s.m.m.a.RequestMappingHandlerMapping : Mapped "{[/api/imageService/getAllImages],methods=[GET]}" onto public com.neil.survey.util.RestResponseEntity<java.util.List<com.neil.survey.module.Image>> com.neil.survey.controller.ImageController.getAllImages(com.neil.survey.util.PageEntity,java.lang.String)
2018-01-10 11:49:02.380  INFO 3070 --- [main] s.w.s.m.m.a.RequestMappingHandlerMapping : Mapped "{[/api/imageService/getProductImagesByBrandId],methods=[GET]}" onto public com.neil.survey.util.RestResponseEntity<java.util.List<com.neil.survey.module.Image>> com.neil.survey.controller.ImageController.getProductImagesByBrandId(java.lang.String)
2018-01-10 11:49:02.381  INFO 3070 --- [main] s.w.s.m.m.a.RequestMappingHandlerMapping : Mapped "{[/api/imageService/getDetailImagesByParentId],methods=[GET]}" onto public com.neil.survey.util.RestResponseEntity<java.util.List<com.neil.survey.module.Image>> com.neil.survey.controller.ImageController.getDetailImagesByParentId(java.lang.String)
2018-01-10 11:49:02.381  INFO 3070 --- [main] s.w.s.m.m.a.RequestMappingHandlerMapping : Mapped "{[/api/imageService/uploadImage],methods=[POST]}" onto public com.neil.survey.util.RestResponseEntity<java.lang.Void> com.neil.survey.controller.ImageController.handleFileUpload(javax.servlet.http.HttpServletRequest)
2018-01-10 11:49:02.382  INFO 3070 --- [main] s.w.s.m.m.a.RequestMappingHandlerMapping : Mapped "{[/api/imageService/updateImage],methods=[POST]}" onto public com.neil.survey.util.RestResponseEntity<java.lang.Void> com.neil.survey.controller.ImageController.updateImage(com.neil.survey.module.Image)
2018-01-10 11:49:02.382  INFO 3070 --- [main] s.w.s.m.m.a.RequestMappingHandlerMapping : Mapped "{[/api/imageService/geneProfileImage],methods=[POST]}" onto public com.neil.survey.util.RestResponseEntity<java.lang.String> com.neil.survey.controller.ImageController.geneProfileImage(com.neil.survey.module.ProfileCombine) throws java.io.IOException,org.apache.batik.transcoder.TranscoderException
2018-01-10 11:49:02.383  INFO 3070 --- [main] s.w.s.m.m.a.RequestMappingHandlerMapping : Mapped "{[/api/imageService/getCartoonWholeImage],methods=[GET]}" onto public com.neil.survey.util.RestResponseEntity<java.util.List<com.neil.survey.module.Image>> com.neil.survey.controller.ImageController.getCartoonWholeImage(java.lang.String)
2018-01-10 11:49:02.383  INFO 3070 --- [main] s.w.s.m.m.a.RequestMappingHandlerMapping : Mapped "{[/api/imageService/getCartoonReplaceImage],methods=[POST]}" onto public com.neil.survey.util.RestResponseEntity<java.util.List<com.neil.survey.module.Image>> com.neil.survey.controller.ImageController.getCartoonReplaceImage(com.neil.survey.module.ImageReplaceParam)
2018-01-10 11:49:02.385  INFO 3070 --- [main] s.w.s.m.m.a.RequestMappingHandlerMapping : Mapped "{[/api/surveyService/getSurveyResult],methods=[GET]}" onto public com.neil.survey.util.RestResponseEntity<java.util.List<com.neil.survey.module.ImageCount>> com.neil.survey.controller.SurveyController.getSurveyResult(java.lang.String,java.lang.String)
2018-01-10 11:49:02.386  INFO 3070 --- [main] s.w.s.m.m.a.RequestMappingHandlerMapping : Mapped "{[/api/surveyService/getQRcode],methods=[GET]}" onto public org.springframework.http.ResponseEntity<byte[]> com.neil.survey.controller.SurveyController.getQRcode(java.lang.String) throws com.google.zxing.WriterException,java.io.IOException
2018-01-10 11:49:02.386  INFO 3070 --- [main] s.w.s.m.m.a.RequestMappingHandlerMapping : Mapped "{[/api/surveyService/sychDb],methods=[GET]}" onto public com.neil.survey.util.RestResponseEntity<java.lang.Void> com.neil.survey.controller.SurveyController.sychDb() throws java.io.IOException
2018-01-10 11:49:02.387  INFO 3070 --- [main] s.w.s.m.m.a.RequestMappingHandlerMapping : Mapped "{[/api/surveyService/getAllSurveys],methods=[GET]}" onto public com.neil.survey.util.RestResponseEntity<java.util.List<com.neil.survey.module.Survey>> com.neil.survey.controller.SurveyController.getAllSurveys(com.neil.survey.util.PageEntity)
2018-01-10 11:49:02.387  INFO 3070 --- [main] s.w.s.m.m.a.RequestMappingHandlerMapping : Mapped "{[/api/surveyService/addSurvey],methods=[POST]}" onto public com.neil.survey.util.RestResponseEntity<java.lang.Void> com.neil.survey.controller.SurveyController.addSurvey(com.neil.survey.module.Survey)
2018-01-10 11:49:02.388  INFO 3070 --- [main] s.w.s.m.m.a.RequestMappingHandlerMapping : Mapped "{[/api/surveyService/deleteSurvey],methods=[POST]}" onto public com.neil.survey.util.RestResponseEntity<java.lang.Void> com.neil.survey.controller.SurveyController.deleteSurvey(com.neil.survey.module.Survey)
2018-01-10 11:49:02.388  INFO 3070 --- [main] s.w.s.m.m.a.RequestMappingHandlerMapping : Mapped "{[/api/surveyService/closeOpenSurvey],methods=[POST]}" onto public com.neil.survey.util.RestResponseEntity<java.lang.Void> com.neil.survey.controller.SurveyController.closeOpenSurvey(com.neil.survey.module.Survey)
2018-01-10 11:49:02.389  INFO 3070 --- [main] s.w.s.m.m.a.RequestMappingHandlerMapping : Mapped "{[/api/surveyService/updateSurvey],methods=[POST]}" onto public com.neil.survey.util.RestResponseEntity<java.lang.Void> com.neil.survey.controller.SurveyController.updateSurvey(com.neil.survey.module.Survey)
2018-01-10 11:49:02.390  INFO 3070 --- [main] s.w.s.m.m.a.RequestMappingHandlerMapping : Mapped "{[/api/surveyService/getSurveyDetail],methods=[GET]}" onto public com.neil.survey.util.RestResponseEntity<com.neil.survey.module.Survey> com.neil.survey.controller.SurveyController.getSurveyDetail(java.lang.String)
2018-01-10 11:49:02.391  INFO 3070 --- [main] s.w.s.m.m.a.RequestMappingHandlerMapping : Mapped "{[/api/surveyService/copySurvey],methods=[GET]}" onto public com.neil.survey.util.RestResponseEntity<com.neil.survey.module.Survey> com.neil.survey.controller.SurveyController.copySurvey(java.lang.String)
2018-01-10 11:49:02.394  INFO 3070 --- [main] s.w.s.m.m.a.RequestMappingHandlerMapping : Mapped "{[/error]}" onto public org.springframework.http.ResponseEntity<java.util.Map<java.lang.String, java.lang.Object>> org.springframework.boot.autoconfigure.web.BasicErrorController.error(javax.servlet.http.HttpServletRequest)
2018-01-10 11:49:02.395  INFO 3070 --- [main] s.w.s.m.m.a.RequestMappingHandlerMapping : Mapped "{[/error],produces=[text/html]}" onto public org.springframework.web.servlet.ModelAndView org.springframework.boot.autoconfigure.web.BasicErrorController.errorHtml(javax.servlet.http.HttpServletRequest,javax.servlet.http.HttpServletResponse)
2018-01-10 11:49:02.450  INFO 3070 --- [main] o.s.w.s.handler.SimpleUrlHandlerMapping  : Mapped URL path [/webjars/**] onto handler of type [class org.springframework.web.servlet.resource.ResourceHttpRequestHandler]
2018-01-10 11:49:02.450  INFO 3070 --- [main] o.s.w.s.handler.SimpleUrlHandlerMapping  : Mapped URL path [/static/**] onto handler of type [class org.springframework.web.servlet.resource.ResourceHttpRequestHandler]
2018-01-10 11:49:02.505  INFO 3070 --- [main] o.s.w.s.handler.SimpleUrlHandlerMapping  : Mapped URL path [/**/favicon.ico] onto handler of type [class org.springframework.web.servlet.resource.ResourceHttpRequestHandler]
2018-01-10 11:49:02.784  INFO 3070 --- [main] o.s.j.e.a.AnnotationMBeanExporter        : Registering beans for JMX exposure on startup
2018-01-10 11:49:02.836  INFO 3070 --- [main] s.b.c.e.t.TomcatEmbeddedServletContainer : Tomcat started on port(s): 8000 (http)
2018-01-10 11:49:02.841  INFO 3070 --- [main] com.neil.survey.SurveyApplication        : Started SurveyApplication in 4.931 seconds (JVM running for 5.6)
2018-01-10 11:49:30.168  INFO 3070 --- [http-nio-8000-exec-1] o.a.c.c.C.[Tomcat].[localhost].[/]       : Initializing Spring FrameworkServlet 'dispatcherServlet'
2018-01-10 11:49:30.170  INFO 3070 --- [http-nio-8000-exec-1] o.s.web.servlet.DispatcherServlet        : FrameworkServlet 'dispatcherServlet': initialization started
2018-01-10 11:49:30.191  INFO 3070 --- [http-nio-8000-exec-1] o.s.web.servlet.DispatcherServlet        : FrameworkServlet 'dispatcherServlet': initialization completed in 21 ms
2018-01-10 11:49:31.047  INFO 3070 --- [http-nio-8000-exec-6] o.h.h.i.QueryTranslatorFactoryInitiator  : HHH000397: Using ASTQueryTranslatorFactory
2018-01-10 11:49:31.355 ERROR 3070 --- [http-nio-8000-exec-6] o.a.c.c.C.[.[.[/].[dispatcherServlet]    : Servlet.service() for servlet [dispatcherServlet] in context with path [] threw exception [Request processing failed; nested exception is java.lang.IndexOutOfBoundsException: Index: 0, Size: 0] with root cause

java.lang.IndexOutOfBoundsException: Index: 0, Size: 0
	at java.util.ArrayList.rangeCheck(ArrayList.java:653)
	at java.util.ArrayList.get(ArrayList.java:429)
	at com.neil.survey.service.impl.ImageProcessService.getCombinedImage(ImageProcessService.java:73)
	at com.neil.survey.service.impl.ImageProcessService$$FastClassBySpringCGLIB$$b3bdf639.invoke(<generated>)
	at org.springframework.cglib.proxy.MethodProxy.invoke(MethodProxy.java:204)
	at org.springframework.aop.framework.CglibAopProxy$CglibMethodInvocation.invokeJoinpoint(CglibAopProxy.java:738)
	at org.springframework.aop.framework.ReflectiveMethodInvocation.proceed(ReflectiveMethodInvocation.java:157)
	at org.springframework.transaction.interceptor.TransactionInterceptor$1.proceedWithInvocation(TransactionInterceptor.java:99)
	at org.springframework.transaction.interceptor.TransactionAspectSupport.invokeWithinTransaction(TransactionAspectSupport.java:282)
	at org.springframework.transaction.interceptor.TransactionInterceptor.invoke(TransactionInterceptor.java:96)
	at org.springframework.aop.framework.ReflectiveMethodInvocation.proceed(ReflectiveMethodInvocation.java:179)
	at org.springframework.aop.framework.CglibAopProxy$DynamicAdvisedInterceptor.intercept(CglibAopProxy.java:673)
	at com.neil.survey.service.impl.ImageProcessService$$EnhancerBySpringCGLIB$$7764e50b.getCombinedImage(<generated>)
	at com.neil.survey.controller.ImageController.geneProfileImage(ImageController.java:228)
	at com.neil.survey.controller.ImageController$$FastClassBySpringCGLIB$$e5213532.invoke(<generated>)
	at org.springframework.cglib.proxy.MethodProxy.invoke(MethodProxy.java:204)
	at org.springframework.aop.framework.CglibAopProxy$CglibMethodInvocation.invokeJoinpoint(CglibAopProxy.java:738)
	at org.springframework.aop.framework.ReflectiveMethodInvocation.proceed(ReflectiveMethodInvocation.java:157)
	at org.springframework.transaction.interceptor.TransactionInterceptor$1.proceedWithInvocation(TransactionInterceptor.java:99)
	at org.springframework.transaction.interceptor.TransactionAspectSupport.invokeWithinTransaction(TransactionAspectSupport.java:282)
	at org.springframework.transaction.interceptor.TransactionInterceptor.invoke(TransactionInterceptor.java:96)
	at org.springframework.aop.framework.ReflectiveMethodInvocation.proceed(ReflectiveMethodInvocation.java:179)
	at org.springframework.aop.framework.CglibAopProxy$DynamicAdvisedInterceptor.intercept(CglibAopProxy.java:673)
	at com.neil.survey.controller.ImageController$$EnhancerBySpringCGLIB$$3ecd4596.geneProfileImage(<generated>)
	at sun.reflect.NativeMethodAccessorImpl.invoke0(Native Method)
	at sun.reflect.NativeMethodAccessorImpl.invoke(NativeMethodAccessorImpl.java:62)
	at sun.reflect.DelegatingMethodAccessorImpl.invoke(DelegatingMethodAccessorImpl.java:43)
	at java.lang.reflect.Method.invoke(Method.java:498)
	at org.springframework.web.method.support.InvocableHandlerMethod.doInvoke(InvocableHandlerMethod.java:205)
	at org.springframework.web.method.support.InvocableHandlerMethod.invokeForRequest(InvocableHandlerMethod.java:133)
	at org.springframework.web.servlet.mvc.method.annotation.ServletInvocableHandlerMethod.invokeAndHandle(ServletInvocableHandlerMethod.java:97)
	at org.springframework.web.servlet.mvc.method.annotation.RequestMappingHandlerAdapter.invokeHandlerMethod(RequestMappingHandlerAdapter.java:827)
	at org.springframework.web.servlet.mvc.method.annotation.RequestMappingHandlerAdapter.handleInternal(RequestMappingHandlerAdapter.java:738)
	at org.springframework.web.servlet.mvc.method.AbstractHandlerMethodAdapter.handle(AbstractHandlerMethodAdapter.java:85)
	at org.springframework.web.servlet.DispatcherServlet.doDispatch(DispatcherServlet.java:967)
	at org.springframework.web.servlet.DispatcherServlet.doService(DispatcherServlet.java:901)
	at org.springframework.web.servlet.FrameworkServlet.processRequest(FrameworkServlet.java:970)
	at org.springframework.web.servlet.FrameworkServlet.doPost(FrameworkServlet.java:872)
	at javax.servlet.http.HttpServlet.service(HttpServlet.java:661)
	at org.springframework.web.servlet.FrameworkServlet.service(FrameworkServlet.java:846)
	at javax.servlet.http.HttpServlet.service(HttpServlet.java:742)
	at org.apache.catalina.core.ApplicationFilterChain.internalDoFilter(ApplicationFilterChain.java:231)
	at org.apache.catalina.core.ApplicationFilterChain.doFilter(ApplicationFilterChain.java:166)
	at org.apache.tomcat.websocket.server.WsFilter.doFilter(WsFilter.java:52)
	at org.apache.catalina.core.ApplicationFilterChain.internalDoFilter(ApplicationFilterChain.java:193)
	at org.apache.catalina.core.ApplicationFilterChain.doFilter(ApplicationFilterChain.java:166)
	at org.springframework.orm.jpa.support.OpenEntityManagerInViewFilter.doFilterInternal(OpenEntityManagerInViewFilter.java:178)
	at org.springframework.web.filter.OncePerRequestFilter.doFilter(OncePerRequestFilter.java:107)
	at org.apache.catalina.core.ApplicationFilterChain.internalDoFilter(ApplicationFilterChain.java:193)
	at org.apache.catalina.core.ApplicationFilterChain.doFilter(ApplicationFilterChain.java:166)
	at org.springframework.web.filter.RequestContextFilter.doFilterInternal(RequestContextFilter.java:99)
	at org.springframework.web.filter.OncePerRequestFilter.doFilter(OncePerRequestFilter.java:107)
	at org.apache.catalina.core.ApplicationFilterChain.internalDoFilter(ApplicationFilterChain.java:193)
	at org.apache.catalina.core.ApplicationFilterChain.doFilter(ApplicationFilterChain.java:166)
	at org.springframework.web.filter.HttpPutFormContentFilter.doFilterInternal(HttpPutFormContentFilter.java:108)
	at org.springframework.web.filter.OncePerRequestFilter.doFilter(OncePerRequestFilter.java:107)
	at org.apache.catalina.core.ApplicationFilterChain.internalDoFilter(ApplicationFilterChain.java:193)
	at org.apache.catalina.core.ApplicationFilterChain.doFilter(ApplicationFilterChain.java:166)
	at org.springframework.web.filter.HiddenHttpMethodFilter.doFilterInternal(HiddenHttpMethodFilter.java:81)
	at org.springframework.web.filter.OncePerRequestFilter.doFilter(OncePerRequestFilter.java:107)
	at org.apache.catalina.core.ApplicationFilterChain.internalDoFilter(ApplicationFilterChain.java:193)
	at org.apache.catalina.core.ApplicationFilterChain.doFilter(ApplicationFilterChain.java:166)
	at org.springframework.web.filter.CharacterEncodingFilter.doFilterInternal(CharacterEncodingFilter.java:197)
	at org.springframework.web.filter.OncePerRequestFilter.doFilter(OncePerRequestFilter.java:107)
	at org.apache.catalina.core.ApplicationFilterChain.internalDoFilter(ApplicationFilterChain.java:193)
	at org.apache.catalina.core.ApplicationFilterChain.doFilter(ApplicationFilterChain.java:166)
	at org.apache.catalina.core.StandardWrapperValve.invoke(StandardWrapperValve.java:198)
	at org.apache.catalina.core.StandardContextValve.invoke(StandardContextValve.java:96)
	at org.apache.catalina.authenticator.AuthenticatorBase.invoke(AuthenticatorBase.java:478)
	at org.apache.catalina.core.StandardHostValve.invoke(StandardHostValve.java:140)
	at org.apache.catalina.valves.ErrorReportValve.invoke(ErrorReportValve.java:80)
	at org.apache.catalina.core.StandardEngineValve.invoke(StandardEngineValve.java:87)
	at org.apache.catalina.connector.CoyoteAdapter.service(CoyoteAdapter.java:342)
	at org.apache.coyote.http11.Http11Processor.service(Http11Processor.java:799)
	at org.apache.coyote.AbstractProcessorLight.process(AbstractProcessorLight.java:66)
	at org.apache.coyote.AbstractProtocol$ConnectionHandler.process(AbstractProtocol.java:868)
	at org.apache.tomcat.util.net.NioEndpoint$SocketProcessor.doRun(NioEndpoint.java:1457)
	at org.apache.tomcat.util.net.SocketProcessorBase.run(SocketProcessorBase.java:49)
	at java.util.concurrent.ThreadPoolExecutor.runWorker(ThreadPoolExecutor.java:1142)
	at java.util.concurrent.ThreadPoolExecutor$Worker.run(ThreadPoolExecutor.java:617)
	at org.apache.tomcat.util.threads.TaskThread$WrappingRunnable.run(TaskThread.java:61)
	at java.lang.Thread.run(Thread.java:748)

